2022-11-10 09:06:25	{"error_response":{"code":15,"msg":"Remote service error","sub_code":"50001","sub_msg":"无结果","request_id":"15rotjachi59l"}}
2022-11-10 09:07:52	{"error_response":{"code":15,"msg":"Remote service error","sub_code":"50001","sub_msg":"无结果","request_id":"16lwgt7ogszk5"}}
2022-11-10 09:08:12	{"error_response":{"code":15,"msg":"Remote service error","sub_code":"50001","sub_msg":"无结果","request_id":"15rsw2v98d5jz"}}
2022-11-10 09:08:16	{"error_response":{"code":15,"msg":"Remote service error","sub_code":"50001","sub_msg":"无结果","request_id":"15rl3gp0lwp26"}}
2022-11-10 09:25:37	{"error_response":{"code":15,"msg":"Remote service error","sub_code":"50001","sub_msg":"无结果","request_id":"16mdsei1tfddt"}}
2022-11-10 09:46:25	{"error_response":{"code":15,"msg":"Remote service error","sub_code":"50001","sub_msg":"无结果","request_id":"16m6953053xuy"}}
2022-11-10 10:20:26	{"error_response":{"code":15,"msg":"Remote service error","sub_code":"50001","sub_msg":"无结果","request_id":"16mabootn6wib"}}
2022-11-10 10:28:33	{"error_response":{"code":15,"msg":"Remote service error","sub_code":"50001","sub_msg":"无结果","request_id":"15rlseq8kgxc5"}}
2022-11-10 10:44:05	{"error_response":{"code":15,"msg":"Remote service error","sub_code":"50001","sub_msg":"无结果","request_id":"15rvnuts5vlr1"}}
2022-11-10 10:44:13	{"error_response":{"code":15,"msg":"Remote service error","sub_code":"50001","sub_msg":"无结果","request_id":"16m85qjreh2m8"}}
2022-11-10 10:57:56	{"error_response":{"code":15,"msg":"Remote service error","sub_code":"50001","sub_msg":"无结果","request_id":"16m0a051cq6eg"}}
2022-11-10 11:05:23	{"error_response":{"code":15,"msg":"Remote service error","sub_code":"50001","sub_msg":"无结果","request_id":"15rxtt047cx2k"}}
2022-11-10 11:40:11	{"error_response":{"code":15,"msg":"Remote service error","sub_code":"50001","sub_msg":"无结果","request_id":"15r4zizltefnp"}}
2022-11-10 11:41:16	{"error_response":{"code":15,"msg":"Remote service error","sub_code":"50001","sub_msg":"无结果","request_id":"16mlxhrlj8km6"}}
2022-11-10 12:04:41	{"error_response":{"code":15,"msg":"Remote service error","sub_code":"50001","sub_msg":"无结果","request_id":"15s8njugjh6td"}}
2022-11-10 12:04:56	{"error_response":{"code":15,"msg":"Remote service error","sub_code":"50001","sub_msg":"无结果","request_id":"16mnqyyisyr7c"}}
2022-11-10 12:15:07	{"error_response":{"code":15,"msg":"Remote service error","sub_code":"50001","sub_msg":"无结果","request_id":"16m7zi4l64kff"}}
2022-11-10 12:28:02	{"error_response":{"code":15,"msg":"Remote service error","sub_code":"50001","sub_msg":"无结果","request_id":"15roatytkgbhp"}}
2022-11-10 13:35:10	{"error_response":{"code":15,"msg":"Remote service error","sub_code":"50001","sub_msg":"无结果","request_id":"16ml5fmzlav13"}}
2022-11-10 13:35:13	{"error_response":{"code":15,"msg":"Remote service error","sub_code":"50001","sub_msg":"无结果","request_id":"16m5k7ai9m0zn"}}
2022-11-10 13:35:16	{"error_response":{"code":15,"msg":"Remote service error","sub_code":"50001","sub_msg":"无结果","request_id":"16m62wrq3f9u1"}}
2022-11-10 13:35:19	{"error_response":{"code":15,"msg":"Remote service error","sub_code":"50001","sub_msg":"无结果","request_id":"16m9mqvdavmgs"}}
2022-11-10 13:59:29	{"error_response":{"code":15,"msg":"Remote service error","sub_code":"50001","sub_msg":"无结果","request_id":"15s50ll6qe7xf"}}
2022-11-10 14:11:40	{"error_response":{"code":15,"msg":"Remote service error","sub_code":"isp.top-remote-connection-timeout","sub_msg":"远程服务调用超时","request_id":"16m8bz7cq9nbs"}}
2022-11-10 14:26:13	{"error_response":{"code":15,"msg":"Remote service error","sub_code":"50001","sub_msg":"无结果","request_id":"15rpihibtah19"}}
2022-11-10 14:26:18	{"error_response":{"code":15,"msg":"Remote service error","sub_code":"50001","sub_msg":"无结果","request_id":"16luk81jiacq8"}}
2022-11-10 14:26:26	{"error_response":{"code":15,"msg":"Remote service error","sub_code":"50001","sub_msg":"无结果","request_id":"16mlbo66ae1wz"}}
2022-11-10 14:26:32	{"error_response":{"code":15,"msg":"Remote service error","sub_code":"50001","sub_msg":"无结果","request_id":"15rbkhuddtb4d"}}
2022-11-10 15:17:04	{"error_response":{"code":15,"msg":"Remote service error","sub_code":"50001","sub_msg":"无结果","request_id":"15rdh3ax98ogb"}}
2022-11-10 15:43:39	{"error_response":{"code":15,"msg":"Remote service error","sub_code":"50001","sub_msg":"无结果","request_id":"16mjxsafzpfm0"}}
2022-11-10 15:59:41	{"error_response":{"code":15,"msg":"Remote service error","sub_code":"50001","sub_msg":"无结果","request_id":"16m8xt0hmoi7m"}}
2022-11-10 16:07:00	{"error_response":{"code":15,"msg":"Remote service error","sub_code":"isp.top-remote-connection-timeout","sub_msg":"远程服务调用超时","request_id":"15rxkgi0qrf56"}}
2022-11-10 16:29:48	{"error_response":{"code":15,"msg":"Remote service error","sub_code":"50001","sub_msg":"无结果","request_id":"16mao5yq5rg44"}}
2022-11-10 20:17:37	{"error_response":{"code":15,"msg":"Remote service error","sub_code":"50001","sub_msg":"无结果","request_id":"16mgnb553sj95"}}
2022-11-10 20:18:02	{"error_response":{"code":15,"msg":"Remote service error","sub_code":"50001","sub_msg":"无结果","request_id":"15r8mhqqgwng0"}}
2022-11-10 20:18:22	{"error_response":{"code":15,"msg":"Remote service error","sub_code":"50001","sub_msg":"无结果","request_id":"15s3jlp3oj3lh"}}
2022-11-10 20:18:47	{"error_response":{"code":15,"msg":"Remote service error","sub_code":"50001","sub_msg":"无结果","request_id":"15rzdxvdvicss"}}
2022-11-10 20:19:14	{"error_response":{"code":15,"msg":"Remote service error","sub_code":"50001","sub_msg":"无结果","request_id":"15rirakhdivwg"}}
2022-11-10 20:19:40	{"error_response":{"code":15,"msg":"Remote service error","sub_code":"50001","sub_msg":"无结果","request_id":"16mka9hpn74ik"}}
2022-11-10 20:20:02	{"error_response":{"code":15,"msg":"Remote service error","sub_code":"50001","sub_msg":"无结果","request_id":"15rhdemlg086f"}}
2022-11-10 20:20:30	{"error_response":{"code":15,"msg":"Remote service error","sub_code":"50001","sub_msg":"无结果","request_id":"15s56udohjogt"}}
2022-11-10 20:20:57	{"error_response":{"code":15,"msg":"Remote service error","sub_code":"50001","sub_msg":"无结果","request_id":"16lzl2lz2nnb6"}}
2022-11-10 20:21:48	{"error_response":{"code":15,"msg":"Remote service error","sub_code":"50001","sub_msg":"无结果","request_id":"16ly76o36p655"}}
2022-11-10 20:24:03	{"error_response":{"code":15,"msg":"Remote service error","sub_code":"50001","sub_msg":"无结果","request_id":"16kf11qdjtaaw"}}
2022-11-10 20:29:14	{"error_response":{"code":15,"msg":"Remote service error","sub_code":"isp.entry-sys-error","sub_msg":"内部服务出错","request_id":"16ml8k7jmmhrq"}}
2022-11-10 22:15:46	{"error_response":{"code":15,"msg":"Remote service error","sub_code":"50001","sub_msg":"无结果","request_id":"16m5tkft3eksw"}}
2022-11-10 22:35:40	{"error_response":{"code":15,"msg":"Remote service error","sub_code":"50001","sub_msg":"无结果","request_id":"16lswzqu4dkrk"}}
2022-11-10 22:37:02	{"error_response":{"code":15,"msg":"Remote service error","sub_code":"50001","sub_msg":"无结果","request_id":"16lzhygy1smpd"}}
2022-11-10 22:41:25	{"error_response":{"code":15,"msg":"Remote service error","sub_code":"50001","sub_msg":"无结果","request_id":"15r6dfg6fx30n"}}
2022-11-10 22:53:21	{"error_response":{"code":15,"msg":"Remote service error","sub_code":"50001","sub_msg":"无结果","request_id":"15reca4huz02u"}}
2022-11-10 23:57:12	{"error_response":{"code":15,"msg":"Remote service error","sub_code":"50001","sub_msg":"无结果","request_id":"16mbjcs1q94za"}}
