2022-11-02 05:04:10	{"error_response":{"code":15,"msg":"Remote service error","sub_code":"50001","sub_msg":"无结果","request_id":"16msf2wfqj2gt"}}
2022-11-02 05:07:15	{"error_response":{"code":15,"msg":"Remote service error","sub_code":"50001","sub_msg":"无结果","request_id":"15rowebb8huzn"}}
2022-11-02 05:36:41	{"error_response":{"code":15,"msg":"Remote service error","sub_code":"50001","sub_msg":"无结果","request_id":"15sbby5axzilu"}}
2022-11-02 07:58:37	{"error_response":{"code":15,"msg":"Remote service error","sub_code":"50001","sub_msg":"无结果","request_id":"15rvnlnyhvosf"}}
2022-11-02 08:01:38	{"error_response":{"code":15,"msg":"Remote service error","sub_code":"50001","sub_msg":"无结果","request_id":"16mdp15nnd3b6"}}
2022-11-02 08:10:23	{"error_response":{"code":15,"msg":"Remote service error","sub_code":"50001","sub_msg":"无结果","request_id":"16mph2o4vecef"}}
2022-11-02 08:28:59	{"error_response":{"code":15,"msg":"Remote service error","sub_code":"50001","sub_msg":"无结果","request_id":"16m203x2e8mnf"}}
2022-11-02 08:42:18	{"error_response":{"code":15,"msg":"Remote service error","sub_code":"50001","sub_msg":"无结果","request_id":"15r5o7sdwdw3c"}}
2022-11-02 08:42:29	{"error_response":{"code":15,"msg":"Remote service error","sub_code":"50001","sub_msg":"无结果","request_id":"15rq41xk2yiak"}}
2022-11-02 09:14:06	{"error_response":{"code":15,"msg":"Remote service error","sub_code":"50001","sub_msg":"无结果","request_id":"15rexu6axvbc8"}}
2022-11-02 09:18:32	{"error_response":{"code":15,"msg":"Remote service error","sub_code":"50001","sub_msg":"无结果","request_id":"16kerfftvynkf"}}
2022-11-02 09:31:01	{"error_response":{"code":15,"msg":"Remote service error","sub_code":"50001","sub_msg":"无结果","request_id":"16lz23l9cntvs"}}
2022-11-02 09:39:07	{"error_response":{"code":15,"msg":"Remote service error","sub_code":"50001","sub_msg":"无结果","request_id":"15rmwouznmcky"}}
2022-11-02 09:46:45	{"error_response":{"code":15,"msg":"Remote service error","sub_code":"50001","sub_msg":"无结果","request_id":"16lzr1knpgmfv"}}
2022-11-02 09:50:34	{"error_response":{"code":15,"msg":"Remote service error","sub_code":"50001","sub_msg":"无结果","request_id":"16ltiju68evtf"}}
2022-11-02 10:05:55	{"error_response":{"code":15,"msg":"Remote service error","sub_code":"50001","sub_msg":"无结果","request_id":"15riek2jgshri"}}
2022-11-02 10:13:03	{"error_response":{"code":15,"msg":"Remote service error","sub_code":"50001","sub_msg":"无结果","request_id":"16m3qgxe2ghsa"}}
2022-11-02 10:25:05	{"error_response":{"code":15,"msg":"Remote service error","sub_code":"50001","sub_msg":"无结果","request_id":"16mk6vqwnthwm"}}
2022-11-02 10:46:46	{"error_response":{"code":15,"msg":"Remote service error","sub_code":"50001","sub_msg":"无结果","request_id":"15rc2y48bfxqf"}}
2022-11-02 11:16:43	{"error_response":{"code":15,"msg":"Remote service error","sub_code":"50001","sub_msg":"无结果","request_id":"16mqfdiyh8u12"}}
2022-11-02 11:43:25	{"error_response":{"code":15,"msg":"Remote service error","sub_code":"50001","sub_msg":"无结果","request_id":"16lvoi33bned4"}}
2022-11-02 11:56:09	{"error_response":{"code":15,"msg":"Remote service error","sub_code":"50001","sub_msg":"无结果","request_id":"16mcki4z3ffti"}}
2022-11-02 12:15:41	{"error_response":{"code":15,"msg":"Remote service error","sub_code":"50001","sub_msg":"无结果","request_id":"15r7hp4ny2roi"}}
2022-11-02 12:19:54	{"error_response":{"code":15,"msg":"Remote service error","sub_code":"50001","sub_msg":"无结果","request_id":"15rhg9grcjmnj"}}
2022-11-02 12:23:47	{"error_response":{"code":15,"msg":"Remote service error","sub_code":"50001","sub_msg":"无结果","request_id":"16mideo01dg9f"}}
2022-11-02 12:30:00	{"error_response":{"code":15,"msg":"Remote service error","sub_code":"50001","sub_msg":"无结果","request_id":"16m742n5slvhi"}}
2022-11-02 12:41:14	{"error_response":{"code":15,"msg":"Remote service error","sub_code":"50001","sub_msg":"无结果","request_id":"16mpnbdionv9n"}}
2022-11-02 13:09:55	{"error_response":{"code":15,"msg":"Remote service error","sub_code":"50001","sub_msg":"无结果","request_id":"16mlejbqavlk5"}}
2022-11-02 13:33:36	{"error_response":{"code":15,"msg":"Remote service error","sub_code":"50001","sub_msg":"无结果","request_id":"15rmncb00nt7a"}}
2022-11-02 13:35:40	{"error_response":{"code":15,"msg":"Remote service error","sub_code":"50001","sub_msg":"无结果","request_id":"16ke2ho4sbdfw"}}
2022-11-02 13:41:34	{"error_response":{"code":15,"msg":"Remote service error","sub_code":"isp.entry-sys-error","sub_msg":"内部服务出错","request_id":"16mp4ly07b113"}}
2022-11-02 13:45:36	{"error_response":{"code":15,"msg":"Remote service error","sub_code":"50001","sub_msg":"无结果","request_id":"16meh3n6twypv"}}
2022-11-02 13:46:25	{"error_response":{"code":15,"msg":"Remote service error","sub_code":"50001","sub_msg":"无结果","request_id":"15s5vj0cw9tpw"}}
2022-11-02 14:04:54	{"error_response":{"code":15,"msg":"Remote service error","sub_code":"50001","sub_msg":"无结果","request_id":"16mhi8a5t64ia"}}
2022-11-02 14:13:45	{"error_response":{"code":15,"msg":"Remote service error","sub_code":"50001","sub_msg":"无结果","request_id":"16mfiimezox3a"}}
2022-11-02 14:15:31	{"error_response":{"code":15,"msg":"Remote service error","sub_code":"50001","sub_msg":"无结果","request_id":"16m1kiyi1gkhw"}}
2022-11-02 14:18:04	{"error_response":{"code":15,"msg":"Remote service error","sub_code":"50001","sub_msg":"无结果","request_id":"15rgufu0ce8hh"}}
2022-11-02 14:18:11	{"error_response":{"code":15,"msg":"Remote service error","sub_code":"50001","sub_msg":"无结果","request_id":"16m2lxx0aqn6m"}}
2022-11-02 14:21:25	{"error_response":{"code":15,"msg":"Remote service error","sub_code":"50001","sub_msg":"无结果","request_id":"16mfca4w6ydjc"}}
2022-11-02 14:25:01	{"error_response":{"code":15,"msg":"Remote service error","sub_code":"50001","sub_msg":"无结果","request_id":"16ly0ov4ivtn5"}}
2022-11-02 14:32:28	{"error_response":{"code":15,"msg":"Remote service error","sub_code":"50001","sub_msg":"无结果","request_id":"15rcrw9k1df7v"}}
2022-11-02 14:40:04	{"error_response":{"code":15,"msg":"Remote service error","sub_code":"50001","sub_msg":"无结果","request_id":"16m9vumng3tml"}}
2022-11-02 14:53:01	{"error_response":{"code":15,"msg":"Remote service error","sub_code":"50001","sub_msg":"无结果","request_id":"15s2et7gp2gly"}}
2022-11-02 14:55:58	{"error_response":{"code":15,"msg":"Remote service error","sub_code":"50001","sub_msg":"无结果","request_id":"15rlva5i20yel"}}
2022-11-02 15:16:07	{"error_response":{"code":15,"msg":"Remote service error","sub_code":"50001","sub_msg":"无结果","request_id":"16kcc4tkx529j"}}
2022-11-02 15:24:55	{"error_response":{"code":15,"msg":"Remote service error","sub_code":"50001","sub_msg":"无结果","request_id":"16mmvjmbienac"}}
2022-11-02 15:25:51	{"error_response":{"code":15,"msg":"Remote service error","sub_code":"50001","sub_msg":"无结果","request_id":"16mezt78h9fq1"}}
2022-11-02 15:32:41	{"error_response":{"code":15,"msg":"Remote service error","sub_code":"50001","sub_msg":"无结果","request_id":"16meh3q7mmsey"}}
2022-11-02 15:35:54	{"error_response":{"code":15,"msg":"Remote service error","sub_code":"50001","sub_msg":"无结果","request_id":"16keobhm17w4y"}}
2022-11-02 15:37:48	{"error_response":{"code":15,"msg":"Remote service error","sub_code":"50001","sub_msg":"无结果","request_id":"15r8sgzerw6o6"}}
2022-11-02 15:42:16	{"error_response":{"code":15,"msg":"Remote service error","sub_code":"50001","sub_msg":"无结果","request_id":"16mquyyssjxod"}}
2022-11-02 15:43:29	{"error_response":{"code":15,"msg":"Remote service error","sub_code":"50001","sub_msg":"无结果","request_id":"16lv2ojs6bouz"}}
2022-11-02 15:44:21	{"error_response":{"code":15,"msg":"Remote service error","sub_code":"50001","sub_msg":"无结果","request_id":"15ru3hlgdyfso"}}
2022-11-02 15:45:29	{"error_response":{"code":15,"msg":"Remote service error","sub_code":"50001","sub_msg":"无结果","request_id":"16mo02u79v3wu"}}
2022-11-02 15:52:42	{"error_response":{"code":15,"msg":"Remote service error","sub_code":"50001","sub_msg":"无结果","request_id":"16m0cvl2mgw6i"}}
2022-11-02 15:56:33	{"error_response":{"code":15,"msg":"Remote service error","sub_code":"50001","sub_msg":"无结果","request_id":"16mb9qmpwqs44"}}
2022-11-02 16:00:52	{"error_response":{"code":15,"msg":"Remote service error","sub_code":"50001","sub_msg":"无结果","request_id":"15rj0e2n7jc1k"}}
2022-11-02 16:03:07	{"error_response":{"code":15,"msg":"Remote service error","sub_code":"50001","sub_msg":"无结果","request_id":"15ryy3eo27sm4"}}
2022-11-02 16:09:38	{"error_response":{"code":15,"msg":"Remote service error","sub_code":"50001","sub_msg":"无结果","request_id":"15rdjyk4fc6px"}}
2022-11-02 16:10:10	{"error_response":{"code":15,"msg":"Remote service error","sub_code":"50001","sub_msg":"无结果","request_id":"16m7dfjzechro"}}
2022-11-02 16:10:37	{"error_response":{"code":15,"msg":"Remote service error","sub_code":"50001","sub_msg":"无结果","request_id":"15rncaedyapx2"}}
2022-11-02 16:37:41	{"error_response":{"code":15,"msg":"Remote service error","sub_code":"50001","sub_msg":"无结果","request_id":"16mk3rsjyvvky"}}
2022-11-02 16:40:23	{"error_response":{"code":15,"msg":"Remote service error","sub_code":"50001","sub_msg":"无结果","request_id":"16m7dfku3syv5"}}
2022-11-02 16:59:32	{"error_response":{"code":15,"msg":"Remote service error","sub_code":"50001","sub_msg":"无结果","request_id":"16mm6lq1a4e27"}}
2022-11-02 17:13:11	{"error_response":{"code":15,"msg":"Remote service error","sub_code":"50001","sub_msg":"无结果","request_id":"16mp1hv3xrluq"}}
2022-11-02 17:36:56	{"error_response":{"code":15,"msg":"Remote service error","sub_code":"50001","sub_msg":"无结果","request_id":"15s53gz1gib6n"}}
2022-11-02 17:38:48	{"error_response":{"code":15,"msg":"Remote service error","sub_code":"50001","sub_msg":"无结果","request_id":"16me7r35vzn2f"}}
2022-11-02 17:49:27	{"error_response":{"code":15,"msg":"Remote service error","sub_code":"50001","sub_msg":"无结果","request_id":"15re8wlw8ezn1"}}
2022-11-02 17:59:27	{"error_response":{"code":15,"msg":"Remote service error","sub_code":"50001","sub_msg":"无结果","request_id":"16mewp2p94n8i"}}
2022-11-02 18:00:23	{"error_response":{"code":15,"msg":"Remote service error","sub_code":"50001","sub_msg":"无结果","request_id":"16m3nd1pn33n6"}}
2022-11-02 18:01:02	{"error_response":{"code":15,"msg":"Remote service error","sub_code":"50001","sub_msg":"无结果","request_id":"16mgtahve3slk"}}
2022-11-02 18:11:18	{"error_response":{"code":15,"msg":"Remote service error","sub_code":"50001","sub_msg":"无结果","request_id":"15rha18xsyoug"}}
2022-11-02 18:13:20	{"error_response":{"code":15,"msg":"Remote service error","sub_code":"50001","sub_msg":"无结果","request_id":"16lu19pkvl496"}}
2022-11-02 18:15:26	{"error_response":{"code":15,"msg":"Remote service error","sub_code":"50001","sub_msg":"无结果","request_id":"16mjravu3fm0j"}}
2022-11-02 18:17:31	{"error_response":{"code":15,"msg":"Remote service error","sub_code":"50001","sub_msg":"无结果","request_id":"15s48ajhq4wyn"}}
2022-11-02 18:19:17	{"error_response":{"code":15,"msg":"Remote service error","sub_code":"50001","sub_msg":"无结果","request_id":"15s08v7jvrfed"}}
2022-11-02 18:20:31	{"error_response":{"code":15,"msg":"Remote service error","sub_code":"50001","sub_msg":"无结果","request_id":"16lvi9wk84ez6"}}
2022-11-02 18:24:46	{"error_response":{"code":15,"msg":"Remote service error","sub_code":"50001","sub_msg":"无结果","request_id":"16lv5sx7chzg2"}}
2022-11-02 18:28:34	{"error_response":{"code":15,"msg":"Remote service error","sub_code":"50001","sub_msg":"无结果","request_id":"15rmtl12c32dh"}}
2022-11-02 18:30:56	{"error_response":{"code":15,"msg":"Remote service error","sub_code":"50001","sub_msg":"无结果","request_id":"16mmvjrkiz6rn"}}
2022-11-02 18:33:57	{"error_response":{"code":15,"msg":"Remote service error","sub_code":"50001","sub_msg":"无结果","request_id":"16mm3hjtx8361"}}
2022-11-02 18:42:02	{"error_response":{"code":15,"msg":"Remote service error","sub_code":"50001","sub_msg":"无结果","request_id":"16mhogzq051ub"}}
2022-11-02 18:47:15	{"error_response":{"code":15,"msg":"Remote service error","sub_code":"50001","sub_msg":"无结果","request_id":"16ly6xk9kuz3o"}}
2022-11-02 18:56:18	{"error_response":{"code":15,"msg":"Remote service error","sub_code":"50001","sub_msg":"无结果","request_id":"16mq615bke162"}}
2022-11-02 19:06:40	{"error_response":{"code":15,"msg":"Remote service error","sub_code":"50001","sub_msg":"无结果","request_id":"15rf0yvwcsi7h"}}
2022-11-02 19:07:20	{"error_response":{"code":15,"msg":"Remote service error","sub_code":"50001","sub_msg":"无结果","request_id":"16me7r5nv0din"}}
2022-11-02 19:22:46	{"error_response":{"code":15,"msg":"Remote service error","sub_code":"50001","sub_msg":"无结果","request_id":"16meqgnbbbi9w"}}
2022-11-02 19:33:29	{"error_response":{"code":15,"msg":"Remote service error","sub_code":"50001","sub_msg":"无结果","request_id":"16mdp1p6na7eb"}}
2022-11-02 19:38:03	{"error_response":{"code":15,"msg":"Remote service error","sub_code":"50001","sub_msg":"无结果","request_id":"16mrdomo53qm8"}}
2022-11-02 19:38:18	{"error_response":{"code":15,"msg":"Remote service error","sub_code":"50001","sub_msg":"无结果","request_id":"16lxbr50hkegt"}}
2022-11-02 19:39:01	{"error_response":{"code":15,"msg":"Remote service error","sub_code":"50001","sub_msg":"无结果","request_id":"16mdit7lo4lzx"}}
2022-11-02 19:43:36	{"error_response":{"code":15,"msg":"Remote service error","sub_code":"50001","sub_msg":"无结果","request_id":"16m09ripyecpk"}}
2022-11-02 19:50:31	{"error_response":{"code":15,"msg":"Remote service error","sub_code":"50001","sub_msg":"无结果","request_id":"16migj9h9kvv3"}}
2022-11-02 20:01:19	{"error_response":{"code":15,"msg":"Remote service error","sub_code":"50001","sub_msg":"无结果","request_id":"16lrp355l9aar"}}
2022-11-02 20:08:23	{"error_response":{"code":15,"msg":"Remote service error","sub_code":"50001","sub_msg":"无结果","request_id":"16m2ly6w5h3mc"}}
2022-11-02 20:09:28	{"error_response":{"code":15,"msg":"Remote service error","sub_code":"50001","sub_msg":"无结果","request_id":"16mdlxhbwlyx7"}}
2022-11-02 20:14:34	{"error_response":{"code":15,"msg":"Remote service error","sub_code":"50001","sub_msg":"无结果","request_id":"16lxhznrxpeop"}}
2022-11-02 20:16:52	{"error_response":{"code":15,"msg":"Remote service error","sub_code":"50001","sub_msg":"无结果","request_id":"16ma23dw9sl4z"}}
2022-11-02 20:22:53	{"error_response":{"code":15,"msg":"Remote service error","sub_code":"50001","sub_msg":"无结果","request_id":"16m7mshq2vi9f"}}
2022-11-02 20:30:08	{"error_response":{"code":15,"msg":"Remote service error","sub_code":"50001","sub_msg":"无结果","request_id":"16mrakf9rnkmn"}}
2022-11-02 20:40:16	{"error_response":{"code":15,"msg":"Remote service error","sub_code":"50001","sub_msg":"无结果","request_id":"15rdwfr8lsogr"}}
2022-11-02 20:42:45	{"error_response":{"code":15,"msg":"Remote service error","sub_code":"50001","sub_msg":"无结果","request_id":"15s84lqpne9gp"}}
2022-11-02 21:03:46	{"error_response":{"code":15,"msg":"Remote service error","sub_code":"50001","sub_msg":"无结果","request_id":"16mh8vvdjkcoz"}}
2022-11-02 21:04:14	{"error_response":{"code":15,"msg":"Remote service error","sub_code":"50001","sub_msg":"无结果","request_id":"16m0j4bls3mn4"}}
2022-11-02 21:34:04	{"error_response":{"code":15,"msg":"Remote service error","sub_code":"50001","sub_msg":"无结果","request_id":"15rj0ec1s5czx"}}
2022-11-02 21:38:02	{"error_response":{"code":15,"msg":"Remote service error","sub_code":"50001","sub_msg":"无结果","request_id":"16mb3iemavcdt"}}
2022-11-02 22:09:17	{"error_response":{"code":15,"msg":"Remote service error","sub_code":"50001","sub_msg":"无结果","request_id":"16mq95jmyqveg"}}
2022-11-02 22:09:38	{"error_response":{"code":15,"msg":"Remote service error","sub_code":"50001","sub_msg":"无结果","request_id":"15rh3sxxe8c8y"}}
2022-11-02 22:13:58	{"error_response":{"code":15,"msg":"Remote service error","sub_code":"50001","sub_msg":"无结果","request_id":"16lv5t3o8vo2b"}}
2022-11-02 22:18:38	{"error_response":{"code":15,"msg":"Remote service error","sub_code":"50001","sub_msg":"无结果","request_id":"16kei3b8o7j0p"}}
2022-11-02 22:30:17	{"error_response":{"code":15,"msg":"Remote service error","sub_code":"50001","sub_msg":"无结果","request_id":"16m7abluceob7"}}
2022-11-02 22:30:30	{"error_response":{"code":15,"msg":"Remote service error","sub_code":"50001","sub_msg":"无结果","request_id":"16mksq1gu36ye"}}
2022-11-02 22:31:07	{"error_response":{"code":15,"msg":"Remote service error","sub_code":"50001","sub_msg":"无结果","request_id":"16kd134tavl4w"}}
2022-11-02 22:32:43	{"error_response":{"code":15,"msg":"Remote service error","sub_code":"50001","sub_msg":"无结果","request_id":"16lzxao0m4sw6"}}
2022-11-02 22:36:06	{"error_response":{"code":15,"msg":"Remote service error","sub_code":"50001","sub_msg":"无结果","request_id":"16lxl40n1ffgp"}}
2022-11-02 22:38:15	{"error_response":{"code":15,"msg":"Remote service error","sub_code":"50001","sub_msg":"无结果","request_id":"16md03vg0x6wb"}}
2022-11-02 22:51:36	{"error_response":{"code":15,"msg":"Remote service error","sub_code":"50001","sub_msg":"无结果","request_id":"15reldtwfkm6y"}}
2022-11-02 22:55:05	{"error_response":{"code":15,"msg":"Remote service error","sub_code":"50001","sub_msg":"无结果","request_id":"15rzwefuxs33f"}}
2022-11-02 23:00:04	{"error_response":{"code":15,"msg":"Remote service error","sub_code":"50001","sub_msg":"无结果","request_id":"15rexutm80qh0"}}
2022-11-02 23:07:13	{"error_response":{"code":15,"msg":"Remote service error","sub_code":"50001","sub_msg":"无结果","request_id":"16mrakjpe7w9v"}}
2022-11-02 23:27:01	{"error_response":{"code":15,"msg":"Remote service error","sub_code":"50001","sub_msg":"无结果","request_id":"16lwmtciinzsq"}}
2022-11-02 23:42:38	{"error_response":{"code":15,"msg":"Remote service error","sub_code":"50001","sub_msg":"无结果","request_id":"15rk81vuk5jo9"}}
