2022-11-04 00:00:41	{"error_response":{"code":15,"msg":"Remote service error","sub_code":"50001","sub_msg":"无结果","request_id":"16lrs8pfb5s7o"}}
2022-11-04 00:04:50	{"error_response":{"code":15,"msg":"Remote service error","sub_code":"50001","sub_msg":"无结果","request_id":"16m3qipig1mdg"}}
2022-11-04 00:08:05	{"error_response":{"code":15,"msg":"Remote service error","sub_code":"50001","sub_msg":"无结果","request_id":"16lwmuibfozoc"}}
2022-11-04 00:11:48	{"error_response":{"code":15,"msg":"Remote service error","sub_code":"50001","sub_msg":"无结果","request_id":"16m42zp6q1axf"}}
2022-11-04 00:12:53	{"error_response":{"code":15,"msg":"Remote service error","sub_code":"50001","sub_msg":"无结果","request_id":"15s8h40rjeo9i"}}
2022-11-04 00:17:19	{"error_response":{"code":15,"msg":"Remote service error","sub_code":"50001","sub_msg":"无结果","request_id":"15r9txh5emv2p"}}
2022-11-04 00:18:31	{"error_response":{"code":15,"msg":"Remote service error","sub_code":"50001","sub_msg":"无结果","request_id":"16kdzf21wdlzl"}}
2022-11-04 00:23:50	{"error_response":{"code":15,"msg":"Remote service error","sub_code":"50001","sub_msg":"无结果","request_id":"16mh2onxfcjqj"}}
2022-11-04 00:25:19	{"error_response":{"code":15,"msg":"Remote service error","sub_code":"50001","sub_msg":"无结果","request_id":"15rbzvn3yf20q"}}
2022-11-04 00:29:02	{"error_response":{"code":15,"msg":"Remote service error","sub_code":"50001","sub_msg":"无结果","request_id":"15roammnu9bhz"}}
2022-11-04 00:31:09	{"error_response":{"code":15,"msg":"Remote service error","sub_code":"50001","sub_msg":"无结果","request_id":"16kf0u0uadmow"}}
2022-11-04 00:33:20	{"error_response":{"code":15,"msg":"Remote service error","sub_code":"50001","sub_msg":"无结果","request_id":"16m90prci720p"}}
2022-11-04 00:38:25	{"error_response":{"code":15,"msg":"Remote service error","sub_code":"50001","sub_msg":"无结果","request_id":"16m9srzbcbq2x"}}
2022-11-04 00:40:06	{"error_response":{"code":15,"msg":"Remote service error","sub_code":"50001","sub_msg":"无结果","request_id":"15s8k8aehpjq8"}}
2022-11-04 00:41:41	{"error_response":{"code":15,"msg":"Remote service error","sub_code":"50001","sub_msg":"无结果","request_id":"15r9kkr8a9g28"}}
2022-11-04 00:46:33	{"error_response":{"code":15,"msg":"Remote service error","sub_code":"50001","sub_msg":"无结果","request_id":"15s2eusuzjk40"}}
2022-11-04 00:46:47	{"error_response":{"code":15,"msg":"Remote service error","sub_code":"50001","sub_msg":"无结果","request_id":"16mrn2qmxi08t"}}
2022-11-04 00:51:44	{"error_response":{"code":15,"msg":"Remote service error","sub_code":"50001","sub_msg":"无结果","request_id":"15rlfqim4n8op"}}
2022-11-04 00:58:44	{"error_response":{"code":15,"msg":"Remote service error","sub_code":"50001","sub_msg":"无结果","request_id":"15rlvbr5pmq34"}}
2022-11-04 00:59:17	{"error_response":{"code":15,"msg":"Remote service error","sub_code":"50001","sub_msg":"无结果","request_id":"16md6dlt42csq"}}
2022-11-04 01:22:49	{"error_response":{"code":15,"msg":"Remote service error","sub_code":"50001","sub_msg":"无结果","request_id":"16kebw3ceqzg3"}}
2022-11-04 01:23:00	{"error_response":{"code":15,"msg":"Remote service error","sub_code":"50001","sub_msg":"无结果","request_id":"15rrbram299lu"}}
2022-11-04 01:31:17	{"error_response":{"code":15,"msg":"Remote service error","sub_code":"50001","sub_msg":"无结果","request_id":"16lwgm2xdh1um"}}
2022-11-04 01:35:23	{"error_response":{"code":15,"msg":"Remote service error","sub_code":"50001","sub_msg":"无结果","request_id":"16mk3tcdifrxe"}}
2022-11-04 01:39:38	{"error_response":{"code":15,"msg":"Remote service error","sub_code":"50001","sub_msg":"无结果","request_id":"15rxtlsa7n55j"}}
2022-11-04 01:39:58	{"error_response":{"code":15,"msg":"Remote service error","sub_code":"50001","sub_msg":"无结果","request_id":"15ruj4f99z7t6"}}
2022-11-04 01:44:30	{"error_response":{"code":15,"msg":"Remote service error","sub_code":"50001","sub_msg":"无结果","request_id":"15r6poobbcm6f"}}
2022-11-04 01:46:03	{"error_response":{"code":15,"msg":"Remote service error","sub_code":"50001","sub_msg":"无结果","request_id":"15rpia5092d8k"}}
2022-11-04 01:46:58	{"error_response":{"code":15,"msg":"Remote service error","sub_code":"50001","sub_msg":"无结果","request_id":"15rq43v498807"}}
2022-11-04 01:51:36	{"error_response":{"code":15,"msg":"Remote service error","sub_code":"50001","sub_msg":"无结果","request_id":"15s36x2ir3svs"}}
2022-11-04 02:09:15	{"error_response":{"code":15,"msg":"Remote service error","sub_code":"50001","sub_msg":"无结果","request_id":"15rq43vqwmvbu"}}
2022-11-04 02:10:07	{"error_response":{"code":15,"msg":"Remote service error","sub_code":"50001","sub_msg":"无结果","request_id":"16mop2ffj6ksr"}}
2022-11-04 02:10:45	{"error_response":{"code":15,"msg":"Remote service error","sub_code":"50001","sub_msg":"无结果","request_id":"16mcb774r2xub"}}
2022-11-04 02:26:41	{"error_response":{"code":15,"msg":"Remote service error","sub_code":"50001","sub_msg":"无结果","request_id":"15s56mri83379"}}
2022-11-04 02:28:26	{"error_response":{"code":15,"msg":"Remote service error","sub_code":"50001","sub_msg":"无结果","request_id":"15rnfg9c7gt5h"}}
2022-11-04 02:34:06	{"error_response":{"code":15,"msg":"Remote service error","sub_code":"50001","sub_msg":"无结果","request_id":"15r7hqxje1g2w"}}
2022-11-04 02:41:30	{"error_response":{"code":15,"msg":"Remote service error","sub_code":"50001","sub_msg":"无结果","request_id":"15rvnnoanbmwf"}}
2022-11-04 02:44:58	{"error_response":{"code":15,"msg":"Remote service error","sub_code":"50001","sub_msg":"无结果","request_id":"15rb1l1hlk7co"}}
2022-11-04 02:47:02	{"error_response":{"code":15,"msg":"Remote service error","sub_code":"50001","sub_msg":"无结果","request_id":"16lyd7k6vfzl9"}}
2022-11-04 02:48:25	{"error_response":{"code":15,"msg":"Remote service error","sub_code":"50001","sub_msg":"无结果","request_id":"15s457tor29jt"}}
2022-11-04 02:48:37	{"error_response":{"code":15,"msg":"Remote service error","sub_code":"50001","sub_msg":"无结果","request_id":"16mnb6ilwqr9l"}}
2022-11-04 02:50:09	{"error_response":{"code":15,"msg":"Remote service error","sub_code":"50001","sub_msg":"无结果","request_id":"16mcno7pzcs57"}}
2022-11-04 02:51:19	{"error_response":{"code":15,"msg":"Remote service error","sub_code":"50001","sub_msg":"无结果","request_id":"16mfrx31ucrn1"}}
2022-11-04 03:00:38	{"error_response":{"code":15,"msg":"Remote service error","sub_code":"50001","sub_msg":"无结果","request_id":"16lwdhwkvr2wn"}}
2022-11-04 03:17:44	{"error_response":{"code":15,"msg":"Remote service error","sub_code":"50001","sub_msg":"无结果","request_id":"15s2rbwlsqqj7"}}
2022-11-04 03:21:24	{"error_response":{"code":15,"msg":"Remote service error","sub_code":"50001","sub_msg":"无结果","request_id":"16msf52tpmy38"}}
2022-11-04 03:25:20	{"error_response":{"code":15,"msg":"Remote service error","sub_code":"50001","sub_msg":"无结果","request_id":"15s33swapb6nh"}}
2022-11-04 03:26:04	{"error_response":{"code":15,"msg":"Remote service error","sub_code":"50001","sub_msg":"无结果","request_id":"16lvlfph1ohhp"}}
2022-11-04 03:26:12	{"error_response":{"code":15,"msg":"Remote service error","sub_code":"50001","sub_msg":"无结果","request_id":"15rv1tzgztdno"}}
2022-11-04 03:39:58	{"error_response":{"code":15,"msg":"Remote service error","sub_code":"50001","sub_msg":"无结果","request_id":"16mau72vdfj8s"}}
2022-11-04 03:47:34	{"error_response":{"code":15,"msg":"Remote service error","sub_code":"50001","sub_msg":"无结果","request_id":"16lvojyy6o9sb"}}
2022-11-04 03:59:28	{"error_response":{"code":15,"msg":"Remote service error","sub_code":"50001","sub_msg":"无结果","request_id":"15r5o9tow2rea"}}
2022-11-04 04:11:55	{"error_response":{"code":15,"msg":"Remote service error","sub_code":"50001","sub_msg":"无结果","request_id":"16m9vwe7k2bsu"}}
2022-11-04 04:44:37	{"error_response":{"code":15,"msg":"Remote service error","sub_code":"50001","sub_msg":"无结果","request_id":"15r6potebmynj"}}
2022-11-04 04:49:45	{"error_response":{"code":15,"msg":"Remote service error","sub_code":"50001","sub_msg":"无结果","request_id":"16mn82d5ogjmy"}}
2022-11-04 05:02:41	{"error_response":{"code":15,"msg":"Remote service error","sub_code":"50001","sub_msg":"无结果","request_id":"16m3zvoiz2mba"}}
2022-11-04 05:19:45	{"error_response":{"code":15,"msg":"Remote service error","sub_code":"50001","sub_msg":"无结果","request_id":"16m0pebz1n601"}}
2022-11-04 05:27:18	{"error_response":{"code":15,"msg":"Remote service error","sub_code":"50001","sub_msg":"无结果","request_id":"16mdiusum6clz"}}
2022-11-04 05:29:11	{"error_response":{"code":15,"msg":"Remote service error","sub_code":"50001","sub_msg":"无结果","request_id":"15rjcwtkwsqaq"}}
2022-11-04 05:30:38	{"error_response":{"code":15,"msg":"Remote service error","sub_code":"50001","sub_msg":"无结果","request_id":"15rkb7j6nrf25"}}
2022-11-04 05:31:43	{"error_response":{"code":15,"msg":"Remote service error","sub_code":"50001","sub_msg":"无结果","request_id":"15rowglagr1d5"}}
2022-11-04 05:31:59	{"error_response":{"code":15,"msg":"Remote service error","sub_code":"50001","sub_msg":"无结果","request_id":"15rxh4zd3kpym"}}
2022-11-04 05:33:50	{"error_response":{"code":15,"msg":"Remote service error","sub_code":"50001","sub_msg":"无结果","request_id":"15s7cl2isv14g"}}
2022-11-04 05:38:51	{"error_response":{"code":15,"msg":"Remote service error","sub_code":"50001","sub_msg":"无结果","request_id":"15s738c205hc1"}}
2022-11-04 05:43:33	{"error_response":{"code":15,"msg":"Remote service error","sub_code":"50001","sub_msg":"无结果","request_id":"15s6hem3p7f5r"}}
2022-11-04 06:03:50	{"error_response":{"code":15,"msg":"Remote service error","sub_code":"isp.entry-sys-error","sub_msg":"内部服务出错","request_id":"15s0f5dtjyu60"}}
2022-11-04 06:18:34	{"error_response":{"code":15,"msg":"Remote service error","sub_code":"50001","sub_msg":"无结果","request_id":"16m5tcwxb2j0c"}}
2022-11-04 07:12:56	{"error_response":{"code":15,"msg":"Remote service error","sub_code":"50001","sub_msg":"无结果","request_id":"16lsh70kvzo6u"}}
2022-11-04 07:13:13	{"error_response":{"code":15,"msg":"Remote service error","sub_code":"50001","sub_msg":"无结果","request_id":"16kfjjtelnl4e"}}
2022-11-04 07:58:30	{"error_response":{"code":15,"msg":"Remote service error","sub_code":"50001","sub_msg":"无结果","request_id":"16moyffvea0qt"}}
2022-11-04 08:23:27	{"error_response":{"code":15,"msg":"Remote service error","sub_code":"50001","sub_msg":"无结果","request_id":"15r4zc26rjsiz"}}
2022-11-04 09:19:19	{"error_response":{"code":15,"msg":"Remote service error","sub_code":"50001","sub_msg":"无结果","request_id":"15r8siy0kjqd9"}}
2022-11-04 11:38:54	{"error_response":{"code":15,"msg":"Remote service error","sub_code":"50001","sub_msg":"无结果","request_id":"16mka2b5c7h9s"}}
2022-11-04 11:40:33	{"error_response":{"code":15,"msg":"Remote service error","sub_code":"50001","sub_msg":"无结果","request_id":"15rjg1cxjz6va"}}
2022-11-04 11:45:29	{"error_response":{"code":15,"msg":"Remote service error","sub_code":"50001","sub_msg":"无结果","request_id":"15rh3uplk9tck"}}
2022-11-04 11:54:22	{"error_response":{"code":15,"msg":"Remote service error","sub_code":"50001","sub_msg":"无结果","request_id":"15rw9htzhptuw"}}
2022-11-04 12:05:36	{"error_response":{"code":15,"msg":"Remote service error","sub_code":"50001","sub_msg":"无结果","request_id":"16mds7up83mox"}}
2022-11-04 12:43:37	{"error_response":{"code":15,"msg":"Remote service error","sub_code":"50001","sub_msg":"无结果","request_id":"16ke2jvyabkd7"}}
2022-11-04 12:49:02	{"error_response":{"code":15,"msg":"Remote service error","sub_code":"50001","sub_msg":"无结果","request_id":"16mo6dg8xxaju"}}
2022-11-04 13:14:48	{"error_response":{"code":15,"msg":"Remote service error","sub_code":"50001","sub_msg":"无结果","request_id":"16kerhvsc89ah"}}
2022-11-04 13:15:26	{"error_response":{"code":15,"msg":"Remote service error","sub_code":"50001","sub_msg":"无结果","request_id":"16msc1aq06w4j"}}
2022-11-04 13:18:08	{"error_response":{"code":15,"msg":"Remote service error","sub_code":"50001","sub_msg":"无结果","request_id":"15r4zcai6v42t"}}
2022-11-04 13:20:14	{"error_response":{"code":15,"msg":"Remote service error","sub_code":"50001","sub_msg":"无结果","request_id":"16m744xv84t7j"}}
2022-11-04 13:38:50	{"error_response":{"code":15,"msg":"Remote service error","sub_code":"50001","sub_msg":"无结果","request_id":"16lrp53nc9d95"}}
2022-11-04 13:45:02	{"error_response":{"code":15,"msg":"Remote service error","sub_code":"50001","sub_msg":"无结果","request_id":"16mcx1gtavsyj"}}
2022-11-04 14:02:37	{"error_response":{"code":15,"msg":"Remote service error","sub_code":"50001","sub_msg":"无结果","request_id":"16mqv159x53ft"}}
2022-11-04 14:10:59	{"error_response":{"code":15,"msg":"Remote service error","sub_code":"50001","sub_msg":"无结果","request_id":"15rq44g498ria"}}
2022-11-04 14:44:17	{"error_response":{"code":15,"msg":"Remote service error","sub_code":"50001","sub_msg":"无结果","request_id":"15rgi14k5z01g"}}
2022-11-04 14:49:19	{"error_response":{"code":15,"msg":"Remote service error","sub_code":"50001","sub_msg":"无结果","request_id":"15s28mywq7qkq"}}
2022-11-04 15:00:24	{"error_response":{"code":15,"msg":"Remote service error","sub_code":"50001","sub_msg":"无结果","request_id":"16mbcx3ajktoc"}}
2022-11-04 15:00:31	{"error_response":{"code":15,"msg":"Remote service error","sub_code":"50001","sub_msg":"无结果","request_id":"15rbaycuvhpk2"}}
2022-11-04 15:04:07	{"error_response":{"code":15,"msg":"Remote service error","sub_code":"50001","sub_msg":"无结果","request_id":"16mpwqhg4x1zs"}}
2022-11-04 15:15:19	{"error_response":{"code":15,"msg":"Remote service error","sub_code":"50001","sub_msg":"无结果","request_id":"15rnlpcq0owzc"}}
2022-11-04 15:19:03	{"error_response":{"code":15,"msg":"Remote service error","sub_code":"50001","sub_msg":"无结果","request_id":"16me1kqroclt9"}}
2022-11-04 15:22:26	{"error_response":{"code":15,"msg":"Remote service error","sub_code":"50001","sub_msg":"无结果","request_id":"16mcb7th6ol0c"}}
2022-11-04 15:22:58	{"error_response":{"code":15,"msg":"Remote service error","sub_code":"50001","sub_msg":"无结果","request_id":"16mgq8dtur39g"}}
2022-11-04 15:23:00	{"error_response":{"code":15,"msg":"Remote service error","sub_code":"50001","sub_msg":"无结果","request_id":"15r6vxt5lgllm"}}
2022-11-04 15:29:32	{"error_response":{"code":15,"msg":"Remote service error","sub_code":"50001","sub_msg":"无结果","request_id":"16miactnvhyrk"}}
2022-11-04 15:29:35	{"error_response":{"code":15,"msg":"Remote service error","sub_code":"50001","sub_msg":"无结果","request_id":"15rec303sbo6b"}}
2022-11-04 15:33:02	{"error_response":{"code":15,"msg":"Remote service error","sub_code":"50001","sub_msg":"无结果","request_id":"16m4cd5soazes"}}
2022-11-04 15:33:14	{"error_response":{"code":15,"msg":"Remote service error","sub_code":"50001","sub_msg":"无结果","request_id":"16lvlg9zxfmww"}}
2022-11-04 15:34:36	{"error_response":{"code":15,"msg":"Remote service error","sub_code":"50001","sub_msg":"无结果","request_id":"16mimtta781p5"}}
2022-11-04 15:36:28	{"error_response":{"code":15,"msg":"Remote service error","sub_code":"50001","sub_msg":"无结果","request_id":"15rf10z95p5g0"}}
2022-11-04 15:39:32	{"error_response":{"code":15,"msg":"Remote service error","sub_code":"50001","sub_msg":"无结果","request_id":"16mhiam4d7sf1"}}
2022-11-04 15:39:35	{"error_response":{"code":15,"msg":"Remote service error","sub_code":"50001","sub_msg":"无结果","request_id":"15rayhehdt461"}}
2022-11-04 15:43:38	{"error_response":{"code":15,"msg":"Remote service error","sub_code":"50001","sub_msg":"无结果","request_id":"16mezvh0x2jmt"}}
2022-11-04 15:46:33	{"error_response":{"code":15,"msg":"Remote service error","sub_code":"50001","sub_msg":"无结果","request_id":"15rhgbvvp3xry"}}
2022-11-04 15:46:44	{"error_response":{"code":15,"msg":"Remote service error","sub_code":"50001","sub_msg":"无结果","request_id":"15s1t1s6lgdt4"}}
2022-11-04 15:53:43	{"error_response":{"code":15,"msg":"Remote service error","sub_code":"50001","sub_msg":"无结果","request_id":"16kcrsc9zvvxv"}}
2022-11-04 15:55:57	{"error_response":{"code":15,"msg":"Remote service error","sub_code":"50001","sub_msg":"无结果","request_id":"16m31lhei8ran"}}
2022-11-04 16:04:25	{"error_response":{"code":15,"msg":"Remote service error","sub_code":"50001","sub_msg":"无结果","request_id":"16ma25g2545nh"}}
2022-11-04 16:10:38	{"error_response":{"code":15,"msg":"Remote service error","sub_code":"50001","sub_msg":"无结果","request_id":"16lwpzicrveus"}}
2022-11-04 17:08:33	{"error_response":{"code":15,"msg":"Remote service error","sub_code":"50001","sub_msg":"无结果","request_id":"16kei5bryslz7"}}
2022-11-04 17:31:44	{"error_response":{"code":15,"msg":"Remote service error","sub_code":"50001","sub_msg":"无结果","request_id":"15rsvwhlqdz73"}}
2022-11-04 17:55:19	{"error_response":{"code":15,"msg":"Remote service error","sub_code":"50001","sub_msg":"无结果","request_id":"15rw39mfo29od"}}
2022-11-04 17:59:20	{"error_response":{"code":15,"msg":"Remote service error","sub_code":"50001","sub_msg":"无结果","request_id":"16lyvxr5mzlmz"}}
2022-11-04 18:09:56	{"error_response":{"code":15,"msg":"Remote service error","sub_code":"50001","sub_msg":"无结果","request_id":"15s0f5ybcipsa"}}
2022-11-04 18:25:58	{"error_response":{"code":15,"msg":"Remote service error","sub_code":"isp.entry-sys-error","sub_msg":"内部服务出错","request_id":"15rvhfx7pyyg6"}}
2022-11-04 19:14:53	{"error_response":{"code":15,"msg":"Remote service error","sub_code":"50001","sub_msg":"无结果","request_id":"15rzdr1ps8bii"}}
2022-11-04 19:20:30	{"error_response":{"code":15,"msg":"Remote service error","sub_code":"50001","sub_msg":"无结果","request_id":"15rd4fqga4sqx"}}
2022-11-04 21:22:29	{"error_response":{"code":15,"msg":"Remote service error","sub_code":"50001","sub_msg":"无结果","request_id":"16ly0rg741bnk"}}
2022-11-04 21:28:02	{"error_response":{"code":15,"msg":"Remote service error","sub_code":"50001","sub_msg":"无结果","request_id":"15r5l6ef284se"}}
2022-11-04 21:28:54	{"error_response":{"code":15,"msg":"Remote service error","sub_code":"50001","sub_msg":"无结果","request_id":"16lyjgxlemogp"}}
2022-11-04 21:31:26	{"error_response":{"code":15,"msg":"Remote service error","sub_code":"50001","sub_msg":"无结果","request_id":"15rd7k30m83yc"}}
2022-11-04 21:35:54	{"error_response":{"code":15,"msg":"Remote service error","sub_code":"50001","sub_msg":"无结果","request_id":"15rkkl11d1u4u"}}
2022-11-04 21:37:59	{"error_response":{"code":15,"msg":"Remote service error","sub_code":"50001","sub_msg":"无结果","request_id":"16mramqh3e3ix"}}
2022-11-04 21:39:19	{"error_response":{"code":15,"msg":"Remote service error","sub_code":"50001","sub_msg":"无结果","request_id":"16mqcc0y747mm"}}
2022-11-04 21:46:18	{"error_response":{"code":15,"msg":"Remote service error","sub_code":"50001","sub_msg":"无结果","request_id":"16m5n55dehxi4"}}
2022-11-04 21:55:38	{"error_response":{"code":15,"msg":"Remote service error","sub_code":"50001","sub_msg":"无结果","request_id":"16m03ldzwneud"}}
2022-11-04 22:00:51	{"error_response":{"code":15,"msg":"Remote service error","sub_code":"50001","sub_msg":"无结果","request_id":"16kei5k0z2pf9"}}
2022-11-04 22:02:28	{"error_response":{"code":15,"msg":"Remote service error","sub_code":"50001","sub_msg":"无结果","request_id":"15rjsityoxr59"}}
2022-11-04 22:03:16	{"error_response":{"code":15,"msg":"Remote service error","sub_code":"50001","sub_msg":"无结果","request_id":"16ltlqx0ezbpr"}}
2022-11-04 22:07:22	{"error_response":{"code":15,"msg":"Remote service error","sub_code":"50001","sub_msg":"无结果","request_id":"16msc1pqi8lsw"}}
2022-11-04 22:32:59	{"error_response":{"code":15,"msg":"Remote service error","sub_code":"50001","sub_msg":"无结果","request_id":"16m6f7eii14gv"}}
