2022-11-27 00:55:49	{"error_response":{"code":15,"msg":"Remote service error","sub_code":"50001","sub_msg":"无结果","request_id":"16m0aiuzsty4c"}}
2022-11-27 01:16:26	{"error_response":{"code":15,"msg":"Remote service error","sub_code":"50001","sub_msg":"无结果","request_id":"15rugq4jh290g"}}
2022-11-27 01:41:43	{"error_response":{"code":15,"msg":"Remote service error","sub_code":"50001","sub_msg":"无结果","request_id":"15rg358xxbbn6"}}
2022-11-27 02:13:17	{"error_response":{"code":15,"msg":"Remote service error","sub_code":"50001","sub_msg":"无结果","request_id":"16ltjbpddhyx3"}}
2022-11-27 02:21:54	{"error_response":{"code":15,"msg":"Remote service error","sub_code":"50001","sub_msg":"无结果","request_id":"15sbcq7wtxj89"}}
2022-11-27 03:11:21	{"error_response":{"code":15,"msg":"Remote service error","sub_code":"50001","sub_msg":"无结果","request_id":"15r8aj58b70j8"}}
2022-11-27 05:26:29	{"error_response":{"code":15,"msg":"Remote service error","sub_code":"50001","sub_msg":"无结果","request_id":"15sbp7clkhldh"}}
2022-11-27 05:47:20	{"error_response":{"code":15,"msg":"Remote service error","sub_code":"50001","sub_msg":"无结果","request_id":"15rkla92x68ik"}}
2022-11-27 06:26:38	{"error_response":{"code":15,"msg":"Remote service error","sub_code":"50001","sub_msg":"无结果","request_id":"15r59eobcoazy"}}
2022-11-27 06:38:02	{"error_response":{"code":15,"msg":"Remote service error","sub_code":"50001","sub_msg":"无结果","request_id":"16mfyvq074khk"}}
2022-11-27 06:48:48	{"error_response":{"code":15,"msg":"Remote service error","sub_code":"50001","sub_msg":"无结果","request_id":"15r4wxpgowv6n"}}
2022-11-27 07:24:37	{"error_response":{"code":15,"msg":"Remote service error","sub_code":"50001","sub_msg":"无结果","request_id":"16m4pjqaz4rel"}}
2022-11-27 11:15:52	{"error_response":{"code":15,"msg":"Remote service error","sub_code":"50001","sub_msg":"无结果","request_id":"16m94kh62win7"}}
2022-11-27 12:06:51	{"error_response":{"code":15,"msg":"Remote service error","sub_code":"50001","sub_msg":"无结果","request_id":"16mauxfztdo27"}}
2022-11-27 14:07:23	{"error_response":{"code":15,"msg":"Remote service error","sub_code":"50001","sub_msg":"无结果","request_id":"15rl0vvji6adm"}}
2022-11-27 14:12:50	{"error_response":{"code":15,"msg":"Remote service error","sub_code":"50001","sub_msg":"无结果","request_id":"16mjybetz53ja"}}
2022-11-27 14:13:02	{"error_response":{"code":15,"msg":"Remote service error","sub_code":"50001","sub_msg":"无结果","request_id":"16m0zhgg7vv4o"}}
2022-11-27 14:23:00	{"error_response":{"code":15,"msg":"Remote service error","sub_code":"50001","sub_msg":"无结果","request_id":"15rcywz4sfnh8"}}
2022-11-27 14:33:43	{"error_response":{"code":15,"msg":"Remote service error","sub_code":"50001","sub_msg":"无结果","request_id":"16moa7qw0wesv"}}
2022-11-27 14:33:48	{"error_response":{"code":15,"msg":"Remote service error","sub_code":"50001","sub_msg":"无结果","request_id":"16lzoprzvini6"}}
2022-11-27 14:34:36	{"error_response":{"code":15,"msg":"Remote service error","sub_code":"50001","sub_msg":"无结果","request_id":"16lxycumr1mo8"}}
2022-11-27 14:35:23	{"error_response":{"code":15,"msg":"Remote service error","sub_code":"50001","sub_msg":"无结果","request_id":"16mfyw3h8q6kv"}}
2022-11-27 14:55:16	{"error_response":{"code":15,"msg":"Remote service error","sub_code":"50001","sub_msg":"无结果","request_id":"16mdggytunfl7"}}
2022-11-27 15:00:56	{"error_response":{"code":15,"msg":"Remote service error","sub_code":"50001","sub_msg":"无结果","request_id":"16m8v7wwvn09w"}}
2022-11-27 15:06:34	{"error_response":{"code":15,"msg":"Remote service error","sub_code":"50001","sub_msg":"无结果","request_id":"15rc6usjdvxit"}}
2022-11-27 15:08:04	{"error_response":{"code":15,"msg":"Remote service error","sub_code":"50001","sub_msg":"无结果","request_id":"15rjmzzcfaj14"}}
2022-11-27 15:08:31	{"error_response":{"code":15,"msg":"Remote service error","sub_code":"50001","sub_msg":"无结果","request_id":"16m07fa6xlnep"}}
2022-11-27 15:17:24	{"error_response":{"code":15,"msg":"Remote service error","sub_code":"50001","sub_msg":"无结果","request_id":"16mauxldfl9ex"}}
2022-11-27 15:20:33	{"error_response":{"code":15,"msg":"Remote service error","sub_code":"50001","sub_msg":"无结果","request_id":"16mhm4t9s1za0"}}
2022-11-27 15:21:00	{"error_response":{"code":15,"msg":"Remote service error","sub_code":"50001","sub_msg":"无结果","request_id":"15rcsoj14ufa4"}}
2022-11-27 15:26:19	{"error_response":{"code":15,"msg":"Remote service error","sub_code":"50001","sub_msg":"无结果","request_id":"16md0vrcwr79x"}}
2022-11-27 15:37:25	{"error_response":{"code":15,"msg":"Remote service error","sub_code":"50001","sub_msg":"无结果","request_id":"16mdw28d5neqo"}}
2022-11-27 15:52:42	{"error_response":{"code":15,"msg":"Remote service error","sub_code":"50001","sub_msg":"无结果","request_id":"16kdtx9hxq206"}}
2022-11-27 15:53:20	{"error_response":{"code":15,"msg":"Remote service error","sub_code":"50001","sub_msg":"无结果","request_id":"15sc1otroy0sn"}}
2022-11-27 16:08:06	{"error_response":{"code":15,"msg":"Remote service error","sub_code":"50001","sub_msg":"无结果","request_id":"15rmr8wc3cpss"}}
2022-11-27 16:14:16	{"error_response":{"code":15,"msg":"Remote service error","sub_code":"isp.entry-sys-error","sub_msg":"内部服务出错","request_id":"16kfka7hs4ayv"}}
2022-11-27 17:14:56	{"error_response":{"code":15,"msg":"Remote service error","sub_code":"50001","sub_msg":"无结果","request_id":"16m2751r7j4zt"}}
2022-11-27 18:32:56	{"error_response":{"code":15,"msg":"Remote service error","sub_code":"50001","sub_msg":"无结果","request_id":"16mbt8ggdqt0j"}}
2022-11-27 19:18:26	{"error_response":{"code":15,"msg":"Remote service error","sub_code":"50001","sub_msg":"无结果","request_id":"16kf1kvh4mh79"}}
2022-11-27 19:25:58	{"error_response":{"code":15,"msg":"Remote service error","sub_code":"50001","sub_msg":"无结果","request_id":"16lrgilnkq7ri"}}
2022-11-27 19:54:58	{"error_response":{"code":15,"msg":"Remote service error","sub_code":"50001","sub_msg":"无结果","request_id":"16m0wdh8dcyrv"}}
2022-11-27 23:49:59	{"error_response":{"code":15,"msg":"Remote service error","sub_code":"50001","sub_msg":"无结果","request_id":"16kecn46ouftz"}}
