2022-11-09 00:38:38	{"error_response":{"code":15,"msg":"Remote service error","sub_code":"50001","sub_msg":"无结果","request_id":"16lwt8o50u2q7"}}
2022-11-09 01:11:38	{"error_response":{"code":15,"msg":"Remote service error","sub_code":"50001","sub_msg":"无结果","request_id":"16mlhuwu30f0t"}}
2022-11-09 02:27:14	{"error_response":{"code":15,"msg":"Remote service error","sub_code":"50001","sub_msg":"无结果","request_id":"16me7y9xzxafo"}}
2022-11-09 02:56:25	{"error_response":{"code":15,"msg":"Remote service error","sub_code":"50001","sub_msg":"无结果","request_id":"15rgbxq29uenl"}}
2022-11-09 05:11:08	{"error_response":{"code":15,"msg":"Remote service error","sub_code":"50001","sub_msg":"无结果","request_id":"16mkz5mdnhy7m"}}
2022-11-09 05:11:18	{"error_response":{"code":15,"msg":"Remote service error","sub_code":"50001","sub_msg":"无结果","request_id":"15re93x0740iq"}}
2022-11-09 05:18:57	{"error_response":{"code":15,"msg":"Remote service error","sub_code":"50001","sub_msg":"无结果","request_id":"16lvllfvpb8d3"}}
2022-11-09 05:20:37	{"error_response":{"code":15,"msg":"Remote service error","sub_code":"50001","sub_msg":"无结果","request_id":"16kfzalsmfcsm"}}
2022-11-09 05:24:17	{"error_response":{"code":15,"msg":"Remote service error","sub_code":"50001","sub_msg":"无结果","request_id":"15rap9tq8jqn7"}}
2022-11-09 05:30:11	{"error_response":{"code":15,"msg":"Remote service error","sub_code":"50001","sub_msg":"无结果","request_id":"16mkdbwtxhbuz"}}
2022-11-09 05:30:45	{"error_response":{"code":15,"msg":"Remote service error","sub_code":"50001","sub_msg":"无结果","request_id":"16lzudit7r5vp"}}
2022-11-09 05:40:29	{"error_response":{"code":15,"msg":"Remote service error","sub_code":"50001","sub_msg":"无结果","request_id":"16m4cicaiztzj"}}
2022-11-09 05:40:39	{"error_response":{"code":15,"msg":"Remote service error","sub_code":"50001","sub_msg":"无结果","request_id":"15s2bwfigxmpt"}}
2022-11-09 05:40:46	{"error_response":{"code":15,"msg":"Remote service error","sub_code":"50001","sub_msg":"无结果","request_id":"15r6mq9c1f2fr"}}
2022-11-09 05:40:51	{"error_response":{"code":15,"msg":"Remote service error","sub_code":"50001","sub_msg":"无结果","request_id":"16mi49ij2hqj7"}}
2022-11-09 05:40:58	{"error_response":{"code":15,"msg":"Remote service error","sub_code":"50001","sub_msg":"无结果","request_id":"15s5j9jorkmup"}}
2022-11-09 05:41:02	{"error_response":{"code":15,"msg":"Remote service error","sub_code":"50001","sub_msg":"无结果","request_id":"15rnybj7mxnwt"}}
2022-11-09 05:45:12	{"error_response":{"code":15,"msg":"Remote service error","sub_code":"50001","sub_msg":"无结果","request_id":"15s8tqwucdsj5"}}
2022-11-09 05:48:51	{"error_response":{"code":15,"msg":"Remote service error","sub_code":"50001","sub_msg":"无结果","request_id":"15rbwxalcuf81"}}
2022-11-09 05:49:28	{"error_response":{"code":15,"msg":"Remote service error","sub_code":"50001","sub_msg":"无结果","request_id":"15s8nif83375u"}}
2022-11-09 06:05:39	{"error_response":{"code":15,"msg":"Remote service error","sub_code":"50001","sub_msg":"无结果","request_id":"16mfoymvyeahz"}}
2022-11-09 06:07:31	{"error_response":{"code":15,"msg":"Remote service error","sub_code":"50001","sub_msg":"无结果","request_id":"15rg2l4ujpqeo"}}
2022-11-09 06:11:35	{"error_response":{"code":15,"msg":"Remote service error","sub_code":"50001","sub_msg":"无结果","request_id":"15s7fuzoenmtl"}}
2022-11-09 06:11:42	{"error_response":{"code":15,"msg":"Remote service error","sub_code":"50001","sub_msg":"无结果","request_id":"15ryoy3vkbydf"}}
2022-11-09 06:19:41	{"error_response":{"code":15,"msg":"Remote service error","sub_code":"50001","sub_msg":"无结果","request_id":"15rxe6f286ryy"}}
2022-11-09 06:27:56	{"error_response":{"code":15,"msg":"Remote service error","sub_code":"50001","sub_msg":"无结果","request_id":"16mcqy9yiq596"}}
2022-11-09 06:32:39	{"error_response":{"code":15,"msg":"Remote service error","sub_code":"50001","sub_msg":"无结果","request_id":"15rqwby869tpb"}}
2022-11-09 06:38:01	{"error_response":{"code":15,"msg":"Remote service error","sub_code":"50001","sub_msg":"无结果","request_id":"16kfzanz9ppyd"}}
2022-11-09 06:50:31	{"error_response":{"code":15,"msg":"Remote service error","sub_code":"50001","sub_msg":"无结果","request_id":"15r5bym9h47u6"}}
2022-11-09 06:58:25	{"error_response":{"code":15,"msg":"Remote service error","sub_code":"50001","sub_msg":"无结果","request_id":"15rbb3mgyuott"}}
2022-11-09 06:58:51	{"error_response":{"code":15,"msg":"Remote service error","sub_code":"50001","sub_msg":"无结果","request_id":"16mrk4fhn9yvo"}}
2022-11-09 07:33:56	{"error_response":{"code":15,"msg":"Remote service error","sub_code":"50001","sub_msg":"无结果","request_id":"15ru3p44ey4rp"}}
2022-11-09 08:09:02	{"error_response":{"code":15,"msg":"Remote service error","sub_code":"50001","sub_msg":"无结果","request_id":"16m3tsz9p33me"}}
2022-11-09 09:06:58	{"error_response":{"code":15,"msg":"Remote service error","sub_code":"50001","sub_msg":"无结果","request_id":"15r5lbgq086xx"}}
2022-11-09 09:10:58	{"error_response":{"code":15,"msg":"Remote service error","sub_code":"50001","sub_msg":"无结果","request_id":"16m435rmiig8a"}}
2022-11-09 09:11:02	{"error_response":{"code":15,"msg":"Remote service error","sub_code":"50001","sub_msg":"无结果","request_id":"16mcqyek9375p"}}
2022-11-09 09:11:36	{"error_response":{"code":15,"msg":"Remote service error","sub_code":"50001","sub_msg":"无结果","request_id":"16ls800jj8hjr"}}
2022-11-09 09:23:08	{"error_response":{"code":15,"msg":"Remote service error","sub_code":"50001","sub_msg":"无结果","request_id":"16mnu1y6i3ole"}}
2022-11-09 09:23:59	{"error_response":{"code":15,"msg":"Remote service error","sub_code":"50001","sub_msg":"无结果","request_id":"15rdzrdj2c5s5"}}
2022-11-09 09:24:04	{"error_response":{"code":15,"msg":"Remote service error","sub_code":"50001","sub_msg":"无结果","request_id":"16mdfwdvuq59f"}}
2022-11-09 09:24:07	{"error_response":{"code":15,"msg":"Remote service error","sub_code":"50001","sub_msg":"无结果","request_id":"15rzarze665l3"}}
2022-11-09 09:24:11	{"error_response":{"code":15,"msg":"Remote service error","sub_code":"50001","sub_msg":"无结果","request_id":"16mf69b9wwrn2"}}
2022-11-09 09:24:15	{"error_response":{"code":15,"msg":"Remote service error","sub_code":"50001","sub_msg":"无结果","request_id":"16mb6tzabyydn"}}
2022-11-09 09:24:19	{"error_response":{"code":15,"msg":"Remote service error","sub_code":"50001","sub_msg":"无结果","request_id":"16lswxzutfpuv"}}
2022-11-09 09:24:26	{"error_response":{"code":15,"msg":"Remote service error","sub_code":"50001","sub_msg":"无结果","request_id":"15s5mdyv4q0yu"}}
2022-11-09 10:01:17	{"error_response":{"code":15,"msg":"Remote service error","sub_code":"50001","sub_msg":"无结果","request_id":"16lv60fi3ffnq"}}
2022-11-09 10:10:25	{"error_response":{"code":15,"msg":"Remote service error","sub_code":"50001","sub_msg":"无结果","request_id":"15r6w37jxadvh"}}
2022-11-09 10:20:08	{"error_response":{"code":15,"msg":"Remote service error","sub_code":"50001","sub_msg":"无结果","request_id":"15ru0kzxzy5ta"}}
2022-11-09 10:36:36	{"error_response":{"code":15,"msg":"Remote service error","sub_code":"50001","sub_msg":"无结果","request_id":"16m2se502rgb6"}}
2022-11-09 11:04:28	{"error_response":{"code":15,"msg":"Remote service error","sub_code":"50001","sub_msg":"无结果","request_id":"16ls803q7ooxr"}}
2022-11-09 11:06:52	{"error_response":{"code":15,"msg":"Remote service error","sub_code":"50001","sub_msg":"无结果","request_id":"15s7cqz55okk7"}}
2022-11-09 11:07:26	{"error_response":{"code":15,"msg":"Remote service error","sub_code":"50001","sub_msg":"无结果","request_id":"16mg1fuvslbp7"}}
2022-11-09 11:07:30	{"error_response":{"code":15,"msg":"Remote service error","sub_code":"50001","sub_msg":"无结果","request_id":"15rwcror4p7t0"}}
2022-11-09 11:11:57	{"error_response":{"code":15,"msg":"Remote service error","sub_code":"50001","sub_msg":"无结果","request_id":"16mr1f5f1ulg5"}}
2022-11-09 11:54:57	{"error_response":{"code":15,"msg":"Remote service error","sub_code":"50001","sub_msg":"无结果","request_id":"15rv2011vypyu"}}
2022-11-09 12:14:56	{"error_response":{"code":15,"msg":"Remote service error","sub_code":"isp.top-remote-connection-timeout","sub_msg":"远程服务调用超时","request_id":"16ma8jejg7rxf"}}
2022-11-09 12:20:59	{"error_response":{"code":15,"msg":"Remote service error","sub_code":"50001","sub_msg":"无结果","request_id":"15s5d1d8n2znv"}}
2022-11-09 12:21:22	{"error_response":{"code":15,"msg":"Remote service error","sub_code":"50001","sub_msg":"无结果","request_id":"15rpiga5qzbk9"}}
2022-11-09 12:38:58	{"error_response":{"code":15,"msg":"Remote service error","sub_code":"50001","sub_msg":"无结果","request_id":"16m0d3c445f3u"}}
2022-11-09 12:41:35	{"error_response":{"code":15,"msg":"Remote service error","sub_code":"50001","sub_msg":"无结果","request_id":"15s0fbc9o6i2p"}}
2022-11-09 14:38:16	{"error_response":{"code":15,"msg":"Remote service error","sub_code":"50001","sub_msg":"无结果","request_id":"15rkbdlv27ukf"}}
2022-11-09 14:43:48	{"error_response":{"code":15,"msg":"Remote service error","sub_code":"50001","sub_msg":"无结果","request_id":"15rgunr8tie10"}}
