2022-11-03 00:14:32	{"error_response":{"code":15,"msg":"Remote service error","sub_code":"50001","sub_msg":"无结果","request_id":"15s5cu0vcjupv"}}
2022-11-03 00:15:02	{"error_response":{"code":15,"msg":"Remote service error","sub_code":"50001","sub_msg":"无结果","request_id":"16meztm6673ne"}}
2022-11-03 00:20:34	{"error_response":{"code":15,"msg":"Remote service error","sub_code":"50001","sub_msg":"无结果","request_id":"16lz58j8j97r0"}}
2022-11-03 00:29:44	{"error_response":{"code":15,"msg":"Remote service error","sub_code":"50001","sub_msg":"无结果","request_id":"15rrl2v2mwsee"}}
2022-11-03 00:35:18	{"error_response":{"code":15,"msg":"Remote service error","sub_code":"50001","sub_msg":"无结果","request_id":"16lvrmxqxqiwd"}}
2022-11-03 00:39:16	{"error_response":{"code":15,"msg":"Remote service error","sub_code":"50001","sub_msg":"无结果","request_id":"16m5tbipd8src"}}
2022-11-03 00:44:46	{"error_response":{"code":15,"msg":"Remote service error","sub_code":"50001","sub_msg":"无结果","request_id":"16mjbpyh82dnp"}}
2022-11-03 00:50:26	{"error_response":{"code":15,"msg":"Remote service error","sub_code":"50001","sub_msg":"无结果","request_id":"15rdgupybzx2j"}}
2022-11-03 01:01:00	{"error_response":{"code":15,"msg":"Remote service error","sub_code":"50001","sub_msg":"无结果","request_id":"16m1kjgpx69ki"}}
2022-11-03 01:15:50	{"error_response":{"code":15,"msg":"Remote service error","sub_code":"50001","sub_msg":"无结果","request_id":"15rncatrxrtd2"}}
2022-11-03 01:20:29	{"error_response":{"code":15,"msg":"Remote service error","sub_code":"50001","sub_msg":"无结果","request_id":"16m0ypr6n99em"}}
2022-11-03 01:22:32	{"error_response":{"code":15,"msg":"Remote service error","sub_code":"50001","sub_msg":"无结果","request_id":"15rz4cc73geo5"}}
2022-11-03 02:09:34	{"error_response":{"code":15,"msg":"Remote service error","sub_code":"50001","sub_msg":"无结果","request_id":"15rxtkohfj97n"}}
2022-11-03 02:10:54	{"error_response":{"code":15,"msg":"Remote service error","sub_code":"50001","sub_msg":"无结果","request_id":"16mn81412z8nq"}}
2022-11-03 02:22:28	{"error_response":{"code":15,"msg":"Remote service error","sub_code":"50001","sub_msg":"无结果","request_id":"15rdjz1f51nto"}}
2022-11-03 02:34:41	{"error_response":{"code":15,"msg":"Remote service error","sub_code":"50001","sub_msg":"无结果","request_id":"16mqiihqiozmp"}}
2022-11-03 02:39:49	{"error_response":{"code":15,"msg":"Remote service error","sub_code":"50001","sub_msg":"无结果","request_id":"15rcv12yeapb0"}}
2022-11-03 02:42:46	{"error_response":{"code":15,"msg":"Remote service error","sub_code":"50001","sub_msg":"无结果","request_id":"15s1aak716kuq"}}
2022-11-03 02:46:47	{"error_response":{"code":15,"msg":"Remote service error","sub_code":"50001","sub_msg":"无结果","request_id":"16lxhzyugw6qq"}}
2022-11-03 02:59:02	{"error_response":{"code":15,"msg":"Remote service error","sub_code":"50001","sub_msg":"无结果","request_id":"15r5brnv4bjqr"}}
2022-11-03 03:00:27	{"error_response":{"code":15,"msg":"Remote service error","sub_code":"50001","sub_msg":"无结果","request_id":"15rs3sgjk1nou"}}
2022-11-03 03:06:46	{"error_response":{"code":15,"msg":"Remote service error","sub_code":"50001","sub_msg":"无结果","request_id":"15ryor6sim02r"}}
2022-11-03 03:21:21	{"error_response":{"code":15,"msg":"Remote service error","sub_code":"50001","sub_msg":"无结果","request_id":"15r60png5z63j"}}
2022-11-03 03:23:29	{"error_response":{"code":15,"msg":"Remote service error","sub_code":"50001","sub_msg":"无结果","request_id":"16lwgl1g75b7e"}}
2022-11-03 03:45:52	{"error_response":{"code":15,"msg":"Remote service error","sub_code":"50001","sub_msg":"无结果","request_id":"15s5m6xfyqro6"}}
2022-11-03 03:47:49	{"error_response":{"code":15,"msg":"Remote service error","sub_code":"50001","sub_msg":"无结果","request_id":"16mau5yg57jz1"}}
2022-11-03 03:48:10	{"error_response":{"code":15,"msg":"Remote service error","sub_code":"50001","sub_msg":"无结果","request_id":"16mr7girk456x"}}
2022-11-03 03:53:33	{"error_response":{"code":15,"msg":"Remote service error","sub_code":"50001","sub_msg":"无结果","request_id":"15s4r0gytdtta"}}
2022-11-03 03:58:34	{"error_response":{"code":15,"msg":"Remote service error","sub_code":"50001","sub_msg":"无结果","request_id":"15rp2nvr7x71j"}}
2022-11-03 03:59:26	{"error_response":{"code":15,"msg":"Remote service error","sub_code":"50001","sub_msg":"无结果","request_id":"16m3k99r19o4h"}}
2022-11-03 04:08:28	{"error_response":{"code":15,"msg":"Remote service error","sub_code":"50001","sub_msg":"无结果","request_id":"15rvkid8j5p9r"}}
2022-11-03 04:12:21	{"error_response":{"code":15,"msg":"Remote service error","sub_code":"50001","sub_msg":"无结果","request_id":"16mpwoueokdhc"}}
2022-11-03 04:17:51	{"error_response":{"code":15,"msg":"Remote service error","sub_code":"50001","sub_msg":"无结果","request_id":"15rwcklbqa7i8"}}
2022-11-03 04:40:23	{"error_response":{"code":15,"msg":"Remote service error","sub_code":"50001","sub_msg":"无结果","request_id":"15s7v9dl2lgva"}}
2022-11-03 04:50:34	{"error_response":{"code":15,"msg":"Remote service error","sub_code":"50001","sub_msg":"无结果","request_id":"16me1j4dvrq7i"}}
2022-11-03 05:00:40	{"error_response":{"code":15,"msg":"Remote service error","sub_code":"50001","sub_msg":"无结果","request_id":"16lugvg747v8u"}}
2022-11-03 05:01:37	{"error_response":{"code":15,"msg":"Remote service error","sub_code":"50001","sub_msg":"无结果","request_id":"15rbawrb4imlt"}}
2022-11-03 05:04:31	{"error_response":{"code":15,"msg":"Remote service error","sub_code":"50001","sub_msg":"无结果","request_id":"15s7fo5x42twl"}}
2022-11-03 05:49:28	{"error_response":{"code":15,"msg":"Remote service error","sub_code":"50001","sub_msg":"无结果","request_id":"15rk8267b1zl6"}}
2022-11-03 05:49:33	{"error_response":{"code":15,"msg":"Remote service error","sub_code":"50001","sub_msg":"无结果","request_id":"16lsh5tkyv7w7"}}
2022-11-03 05:49:35	{"error_response":{"code":15,"msg":"Remote service error","sub_code":"50001","sub_msg":"无结果","request_id":"15rgevbydgbtj"}}
2022-11-03 05:50:34	{"error_response":{"code":15,"msg":"Remote service error","sub_code":"50001","sub_msg":"无结果","request_id":"16lww6dy489ip"}}
2022-11-03 05:50:37	{"error_response":{"code":15,"msg":"Remote service error","sub_code":"50001","sub_msg":"无结果","request_id":"16mgalkolqx0w"}}
2022-11-03 05:50:39	{"error_response":{"code":15,"msg":"Remote service error","sub_code":"50001","sub_msg":"无结果","request_id":"16m1eb75n1rv6"}}
2022-11-03 05:50:42	{"error_response":{"code":15,"msg":"Remote service error","sub_code":"50001","sub_msg":"无结果","request_id":"15r6pnqmaiy07"}}
2022-11-03 05:50:45	{"error_response":{"code":15,"msg":"Remote service error","sub_code":"50001","sub_msg":"无结果","request_id":"15rfw5urs9mj9"}}
2022-11-03 05:50:49	{"error_response":{"code":15,"msg":"Remote service error","sub_code":"50001","sub_msg":"无结果","request_id":"15rbnds6b160c"}}
2022-11-03 05:50:52	{"error_response":{"code":15,"msg":"Remote service error","sub_code":"50001","sub_msg":"无结果","request_id":"16mbyp9812993"}}
2022-11-03 05:53:54	{"error_response":{"code":15,"msg":"Remote service error","sub_code":"50001","sub_msg":"无结果","request_id":"15s5cuag6bm0b"}}
2022-11-03 05:56:40	{"error_response":{"code":15,"msg":"Remote service error","sub_code":"50001","sub_msg":"无结果","request_id":"16m2lynhwcumr"}}
2022-11-03 06:17:04	{"error_response":{"code":15,"msg":"Remote service error","sub_code":"50001","sub_msg":"无结果","request_id":"16mb6n24zqeea"}}
2022-11-03 06:36:39	{"error_response":{"code":15,"msg":"Remote service error","sub_code":"50001","sub_msg":"无结果","request_id":"16mq2xg7wiyhf"}}
2022-11-03 07:04:55	{"error_response":{"code":15,"msg":"Remote service error","sub_code":"50001","sub_msg":"无结果","request_id":"16m0j4sk4f3h0"}}
2022-11-03 07:26:49	{"error_response":{"code":15,"msg":"Remote service error","sub_code":"50001","sub_msg":"无结果","request_id":"16lya2eknwzoi"}}
2022-11-03 08:01:20	{"error_response":{"code":15,"msg":"Remote service error","sub_code":"50001","sub_msg":"无结果","request_id":"15rhvvmga7btp"}}
2022-11-03 08:05:03	{"error_response":{"code":15,"msg":"Remote service error","sub_code":"50001","sub_msg":"无结果","request_id":"15rp2o2poeq2a"}}
2022-11-03 08:16:59	{"error_response":{"code":15,"msg":"Remote service error","sub_code":"50001","sub_msg":"无结果","request_id":"15s422pg3whin"}}
2022-11-03 08:17:10	{"error_response":{"code":15,"msg":"Remote service error","sub_code":"50001","sub_msg":"无结果","request_id":"16mrjxpu2stb5"}}
2022-11-03 08:17:13	{"error_response":{"code":15,"msg":"Remote service error","sub_code":"50001","sub_msg":"无结果","request_id":"16mahp6kpg69h"}}
2022-11-03 09:23:23	{"error_response":{"code":15,"msg":"Remote service error","sub_code":"50001","sub_msg":"无结果","request_id":"16mau67x42xx4"}}
2022-11-03 09:39:07	{"error_response":{"code":15,"msg":"Remote service error","sub_code":"50001","sub_msg":"无结果","request_id":"16mgn2qlyzbhq"}}
2022-11-03 10:16:20	{"error_response":{"code":15,"msg":"Remote service error","sub_code":"50001","sub_msg":"无结果","request_id":"15s2bpvfgk9e7"}}
2022-11-03 10:16:25	{"error_response":{"code":15,"msg":"Remote service error","sub_code":"50001","sub_msg":"无结果","request_id":"15ry96akluu46"}}
2022-11-03 19:23:28	{"error_response":{"code":15,"msg":"Remote service error","sub_code":"50001","sub_msg":"无结果","request_id":"16luk0df4eaca"}}
2022-11-03 19:33:10	{"error_response":{"code":15,"msg":"Remote service error","sub_code":"50001","sub_msg":"无结果","request_id":"16m5tcepiqa0v"}}
2022-11-03 19:44:25	{"error_response":{"code":15,"msg":"Remote service error","sub_code":"isp.entry-sys-error","sub_msg":"内部服务出错","request_id":"16mp1j40skbzh"}}
2022-11-03 21:05:18	{"error_response":{"code":15,"msg":"Remote service error","sub_code":"50001","sub_msg":"无结果","request_id":"16mar2iv1oz06"}}
2022-11-03 21:05:46	{"error_response":{"code":15,"msg":"Remote service error","sub_code":"50001","sub_msg":"无结果","request_id":"16lzbi04dibk9"}}
2022-11-03 21:08:05	{"error_response":{"code":15,"msg":"Remote service error","sub_code":"50001","sub_msg":"无结果","request_id":"16m5an066sjau"}}
2022-11-03 21:10:23	{"error_response":{"code":15,"msg":"Remote service error","sub_code":"50001","sub_msg":"无结果","request_id":"15rum8gin6qub"}}
2022-11-03 21:48:49	{"error_response":{"code":15,"msg":"Remote service error","sub_code":"50001","sub_msg":"无结果","request_id":"16mkmin72zw24"}}
2022-11-03 21:54:42	{"error_response":{"code":15,"msg":"Remote service error","sub_code":"50001","sub_msg":"无结果","request_id":"15rc989gsnoa4"}}
2022-11-03 22:06:18	{"error_response":{"code":15,"msg":"Remote service error","sub_code":"50001","sub_msg":"无结果","request_id":"15rvnngj0ldpp"}}
2022-11-03 22:38:24	{"error_response":{"code":15,"msg":"Remote service error","sub_code":"50001","sub_msg":"无结果","request_id":"16m0si9ij976t"}}
2022-11-03 22:44:13	{"error_response":{"code":15,"msg":"Remote service error","sub_code":"50001","sub_msg":"无结果","request_id":"15rv1trih9wzm"}}
2022-11-03 22:45:10	{"error_response":{"code":15,"msg":"Remote service error","sub_code":"50001","sub_msg":"无结果","request_id":"15rikuacq5phg"}}
2022-11-03 22:48:34	{"error_response":{"code":15,"msg":"Remote service error","sub_code":"50001","sub_msg":"无结果","request_id":"15rd4eroia07o"}}
2022-11-03 22:51:54	{"error_response":{"code":15,"msg":"Remote service error","sub_code":"50001","sub_msg":"无结果","request_id":"15rdwgzlk5zuy"}}
2022-11-03 22:52:01	{"error_response":{"code":15,"msg":"Remote service error","sub_code":"50001","sub_msg":"无结果","request_id":"15rbkac4o3kfd"}}
2022-11-03 23:00:08	{"error_response":{"code":15,"msg":"Remote service error","sub_code":"50001","sub_msg":"无结果","request_id":"15rxk8x68oiwg"}}
2022-11-03 23:07:52	{"error_response":{"code":15,"msg":"Remote service error","sub_code":"50001","sub_msg":"无结果","request_id":"15rpur00pmmq5"}}
2022-11-03 23:11:00	{"error_response":{"code":15,"msg":"Remote service error","sub_code":"50001","sub_msg":"无结果","request_id":"15s64xbjn565y"}}
2022-11-03 23:20:57	{"error_response":{"code":15,"msg":"Remote service error","sub_code":"50001","sub_msg":"无结果","request_id":"15s28m8peve36"}}
2022-11-03 23:27:20	{"error_response":{"code":15,"msg":"Remote service error","sub_code":"50001","sub_msg":"无结果","request_id":"15rj6o1mndlv7"}}
2022-11-03 23:27:36	{"error_response":{"code":15,"msg":"Remote service error","sub_code":"50001","sub_msg":"无结果","request_id":"16luq921s3c3p"}}
2022-11-03 23:29:29	{"error_response":{"code":15,"msg":"Remote service error","sub_code":"50001","sub_msg":"无结果","request_id":"16mb3jmer0p4r"}}
2022-11-03 23:35:37	{"error_response":{"code":15,"msg":"Remote service error","sub_code":"50001","sub_msg":"无结果","request_id":"15r9ec7mjqvgq"}}
2022-11-03 23:51:58	{"error_response":{"code":15,"msg":"Remote service error","sub_code":"50001","sub_msg":"无结果","request_id":"15rzalw0u8t3v"}}
2022-11-03 23:59:55	{"error_response":{"code":15,"msg":"Remote service error","sub_code":"50001","sub_msg":"无结果","request_id":"15rrugphey5id"}}
