2022-11-13 00:01:55	{"error_response":{"code":15,"msg":"Remote service error","sub_code":"50001","sub_msg":"无结果","request_id":"15s5jdsp1a493"}}
2022-11-13 00:03:00	{"error_response":{"code":15,"msg":"Remote service error","sub_code":"50001","sub_msg":"无结果","request_id":"16mfs743jikfy"}}
2022-11-13 00:04:06	{"error_response":{"code":15,"msg":"Remote service error","sub_code":"50001","sub_msg":"无结果","request_id":"15rjz0gaeampt"}}
2022-11-13 00:06:07	{"error_response":{"code":15,"msg":"Remote service error","sub_code":"50001","sub_msg":"无结果","request_id":"16m1r37cnh1r7"}}
2022-11-13 00:12:48	{"error_response":{"code":15,"msg":"Remote service error","sub_code":"50001","sub_msg":"无结果","request_id":"15raj5lrwwj4e"}}
2022-11-13 00:35:59	{"error_response":{"code":15,"msg":"Remote service error","sub_code":"50001","sub_msg":"无结果","request_id":"15r9bi69bf33m"}}
2022-11-13 00:36:36	{"error_response":{"code":15,"msg":"Remote service error","sub_code":"50001","sub_msg":"无结果","request_id":"16mbd6kpjuqnr"}}
2022-11-13 00:51:21	{"error_response":{"code":15,"msg":"Remote service error","sub_code":"50001","sub_msg":"无结果","request_id":"15rjvw8r45l2a"}}
2022-11-13 01:50:48	{"error_response":{"code":15,"msg":"Remote service error","sub_code":"50001","sub_msg":"无结果","request_id":"16mennzu8718j"}}
2022-11-13 01:59:09	{"error_response":{"code":15,"msg":"Remote service error","sub_code":"50001","sub_msg":"无结果","request_id":"16kelj0ry3b0s"}}
2022-11-13 02:00:04	{"error_response":{"code":15,"msg":"Remote service error","sub_code":"50001","sub_msg":"无结果","request_id":"16mkmt033bcqq"}}
2022-11-13 02:27:12	{"error_response":{"code":15,"msg":"Remote service error","sub_code":"50001","sub_msg":"无结果","request_id":"16kf7crnipr6q"}}
2022-11-13 02:27:25	{"error_response":{"code":15,"msg":"Remote service error","sub_code":"50001","sub_msg":"无结果","request_id":"15s48m7rf9ygj"}}
2022-11-13 02:28:04	{"error_response":{"code":15,"msg":"Remote service error","sub_code":"50001","sub_msg":"无结果","request_id":"15rbkko0x58g8"}}
2022-11-13 04:53:35	{"error_response":{"code":15,"msg":"Remote service error","sub_code":"50001","sub_msg":"无结果","request_id":"15s79qybbiok2"}}
2022-11-13 05:41:51	{"error_response":{"code":15,"msg":"Remote service error","sub_code":"50001","sub_msg":"无结果","request_id":"16ml5ink8bh4j"}}
2022-11-13 05:43:51	{"error_response":{"code":15,"msg":"Remote service error","sub_code":"50001","sub_msg":"无结果","request_id":"15rjd6zsjmght"}}
2022-11-13 06:25:36	{"error_response":{"code":15,"msg":"Remote service error","sub_code":"50001","sub_msg":"无结果","request_id":"16keonh5zalwg"}}
2022-11-13 06:30:36	{"error_response":{"code":15,"msg":"Remote service error","sub_code":"50001","sub_msg":"无结果","request_id":"16m2m9ywabh99"}}
2022-11-13 06:41:17	{"error_response":{"code":15,"msg":"Remote service error","sub_code":"50001","sub_msg":"无结果","request_id":"15s3437mj25xy"}}
2022-11-13 07:10:20	{"error_response":{"code":15,"msg":"Remote service error","sub_code":"50001","sub_msg":"无结果","request_id":"15rcivljzemm8"}}
2022-11-13 07:13:12	{"error_response":{"code":15,"msg":"Remote service error","sub_code":"50001","sub_msg":"无结果","request_id":"15rj6ykkqjsrp"}}
2022-11-13 07:33:27	{"error_response":{"code":15,"msg":"Remote service error","sub_code":"50001","sub_msg":"无结果","request_id":"15rglf72f9opz"}}
2022-11-13 07:35:43	{"error_response":{"code":15,"msg":"Remote service error","sub_code":"50001","sub_msg":"无结果","request_id":"16mgndxkihco9"}}
2022-11-13 08:00:25	{"error_response":{"code":15,"msg":"Remote service error","sub_code":"50001","sub_msg":"无结果","request_id":"15rvny33fau9x"}}
2022-11-13 08:06:57	{"error_response":{"code":15,"msg":"Remote service error","sub_code":"50001","sub_msg":"无结果","request_id":"16lwzm13wt0x3"}}
2022-11-13 08:20:43	{"error_response":{"code":15,"msg":"Remote service error","sub_code":"50001","sub_msg":"无结果","request_id":"16lzewxu7d8fm"}}
2022-11-13 08:25:35	{"error_response":{"code":15,"msg":"Remote service error","sub_code":"50001","sub_msg":"无结果","request_id":"16lw4fkxvlydr"}}
2022-11-13 08:33:06	{"error_response":{"code":15,"msg":"Remote service error","sub_code":"50001","sub_msg":"无结果","request_id":"16mkzaanndnqr"}}
2022-11-13 08:40:46	{"error_response":{"code":15,"msg":"Remote service error","sub_code":"50001","sub_msg":"无结果","request_id":"16mnbgycfpj49"}}
2022-11-13 09:00:35	{"error_response":{"code":15,"msg":"Remote service error","sub_code":"50001","sub_msg":"无结果","request_id":"16mhv1g4wbd13"}}
2022-11-13 09:06:43	{"error_response":{"code":15,"msg":"Remote service error","sub_code":"50001","sub_msg":"无结果","request_id":"15rjgbedz1l15"}}
2022-11-13 09:17:37	{"error_response":{"code":15,"msg":"Remote service error","sub_code":"50001","sub_msg":"无结果","request_id":"16key0cmnppn4"}}
2022-11-13 09:20:09	{"error_response":{"code":15,"msg":"Remote service error","sub_code":"50001","sub_msg":"无结果","request_id":"15rhw6z4ag72d"}}
2022-11-13 09:20:21	{"error_response":{"code":15,"msg":"Remote service error","sub_code":"50001","sub_msg":"无结果","request_id":"16ke2tw0h1fys"}}
2022-11-13 09:20:34	{"error_response":{"code":15,"msg":"Remote service error","sub_code":"50001","sub_msg":"无结果","request_id":"15rujey208979"}}
2022-11-13 09:20:46	{"error_response":{"code":15,"msg":"Remote service error","sub_code":"50001","sub_msg":"无结果","request_id":"15s5pmq7h0fbl"}}
2022-11-13 09:58:22	{"error_response":{"code":15,"msg":"Remote service error","sub_code":"50001","sub_msg":"无结果","request_id":"15rxnnuf3i2su"}}
2022-11-13 11:11:29	{"error_response":{"code":15,"msg":"Remote service error","sub_code":"50001","sub_msg":"无结果","request_id":"15ry394tvt10z"}}
2022-11-13 11:25:38	{"error_response":{"code":15,"msg":"Remote service error","sub_code":"50001","sub_msg":"无结果","request_id":"15rbeclgjydmp"}}
2022-11-13 11:27:48	{"error_response":{"code":15,"msg":"Remote service error","sub_code":"50001","sub_msg":"无结果","request_id":"16lsx2lx2ebrb"}}
2022-11-13 11:44:10	{"error_response":{"code":15,"msg":"Remote service error","sub_code":"50001","sub_msg":"无结果","request_id":"16keljhady9je"}}
2022-11-13 11:44:14	{"error_response":{"code":15,"msg":"Remote service error","sub_code":"50001","sub_msg":"无结果","request_id":"15rkxbpm2j15o"}}
2022-11-13 11:44:18	{"error_response":{"code":15,"msg":"Remote service error","sub_code":"50001","sub_msg":"无结果","request_id":"16m7wh8s4xpld"}}
2022-11-13 12:13:47	{"error_response":{"code":15,"msg":"Remote service error","sub_code":"50001","sub_msg":"无结果","request_id":"16m1emseuwgmv"}}
2022-11-13 12:13:52	{"error_response":{"code":15,"msg":"Remote service error","sub_code":"50001","sub_msg":"无结果","request_id":"16m4ivnpm922g"}}
2022-11-13 12:45:49	{"error_response":{"code":15,"msg":"Remote service error","sub_code":"50001","sub_msg":"无结果","request_id":"16ly79p5fr4sk"}}
2022-11-13 12:45:57	{"error_response":{"code":15,"msg":"Remote service error","sub_code":"50001","sub_msg":"无结果","request_id":"15roqillu51vr"}}
2022-11-13 12:56:08	{"error_response":{"code":15,"msg":"Remote service error","sub_code":"50001","sub_msg":"无结果","request_id":"16mo9rv46we6e"}}
2022-11-13 13:05:12	{"error_response":{"code":15,"msg":"Remote service error","sub_code":"50001","sub_msg":"无结果","request_id":"15rnvc5gfomzc"}}
2022-11-13 13:14:24	{"error_response":{"code":15,"msg":"Remote service error","sub_code":"50001","sub_msg":"无结果","request_id":"15s0v1449ky47"}}
2022-11-13 18:43:54	{"error_response":{"code":15,"msg":"Remote service error","sub_code":"50001","sub_msg":"无结果","request_id":"16mr1k0r1itmn"}}
