2022-10-30 00:09:13	{"error_response":{"code":15,"msg":"Remote service error","sub_code":"50001","sub_msg":"无结果","request_id":"15r94tuqun8ld"}}
2022-10-30 00:16:13	{"error_response":{"code":15,"msg":"Remote service error","sub_code":"50001","sub_msg":"无结果","request_id":"15rjvgeqqcum0"}}
2022-10-30 00:44:17	{"error_response":{"code":15,"msg":"Remote service error","sub_code":"50001","sub_msg":"无结果","request_id":"16miprpsw3rpv"}}
2022-10-30 00:48:42	{"error_response":{"code":15,"msg":"Remote service error","sub_code":"50001","sub_msg":"无结果","request_id":"15s452335ijjt"}}
2022-10-30 00:49:22	{"error_response":{"code":15,"msg":"Remote service error","sub_code":"50001","sub_msg":"无结果","request_id":"16m7z565a0pm6"}}
2022-10-30 01:00:28	{"error_response":{"code":15,"msg":"Remote service error","sub_code":"50001","sub_msg":"无结果","request_id":"16kd42zbl9bdy"}}
2022-10-30 01:37:49	{"error_response":{"code":15,"msg":"Remote service error","sub_code":"50001","sub_msg":"无结果","request_id":"16mdya7hza8k0"}}
2022-10-30 01:39:44	{"error_response":{"code":15,"msg":"Remote service error","sub_code":"50001","sub_msg":"无结果","request_id":"16mh5nbpw4yg6"}}
2022-10-30 01:42:16	{"error_response":{"code":15,"msg":"Remote service error","sub_code":"50001","sub_msg":"无结果","request_id":"15r9qnngh2u1r"}}
2022-10-30 01:45:49	{"error_response":{"code":15,"msg":"Remote service error","sub_code":"50001","sub_msg":"无结果","request_id":"16mkyu654mkzd"}}
2022-10-30 01:56:08	{"error_response":{"code":15,"msg":"Remote service error","sub_code":"50001","sub_msg":"无结果","request_id":"16m9yuw0xt79q"}}
2022-10-30 01:57:08	{"error_response":{"code":15,"msg":"Remote service error","sub_code":"50001","sub_msg":"无结果","request_id":"16mpgyzo1m9ur"}}
2022-10-30 02:06:27	{"error_response":{"code":15,"msg":"Remote service error","sub_code":"50001","sub_msg":"无结果","request_id":"15r8p8pphreyw"}}
2022-10-30 02:27:29	{"error_response":{"code":15,"msg":"Remote service error","sub_code":"50001","sub_msg":"无结果","request_id":"15rjm3ru86fj8"}}
2022-10-30 02:46:26	{"error_response":{"code":15,"msg":"Remote service error","sub_code":"50001","sub_msg":"无结果","request_id":"16mjxf9f5optf"}}
2022-10-30 02:50:42	{"error_response":{"code":15,"msg":"Remote service error","sub_code":"50001","sub_msg":"无结果","request_id":"15rjm3shtdl86"}}
2022-10-30 02:51:09	{"error_response":{"code":15,"msg":"Remote service error","sub_code":"50001","sub_msg":"无结果","request_id":"15ra34ovnmhjk"}}
2022-10-30 02:52:14	{"error_response":{"code":15,"msg":"Remote service error","sub_code":"50001","sub_msg":"无结果","request_id":"15s171t0lcxqv"}}
2022-10-30 03:05:00	{"error_response":{"code":15,"msg":"Remote service error","sub_code":"50001","sub_msg":"无结果","request_id":"16m2s2htatd5w"}}
2022-10-30 03:28:35	{"error_response":{"code":15,"msg":"Remote service error","sub_code":"50001","sub_msg":"无结果","request_id":"16mjepte7o6il"}}
2022-10-30 03:40:30	{"error_response":{"code":15,"msg":"Remote service error","sub_code":"50001","sub_msg":"无结果","request_id":"16m8kz128rtju"}}
2022-10-30 03:59:08	{"error_response":{"code":15,"msg":"Remote service error","sub_code":"50001","sub_msg":"无结果","request_id":"15rrkyiemqbki"}}
2022-10-30 04:10:01	{"error_response":{"code":15,"msg":"Remote service error","sub_code":"50001","sub_msg":"无结果","request_id":"16mgjtpvia7jq"}}
2022-10-30 04:11:06	{"error_response":{"code":15,"msg":"Remote service error","sub_code":"50001","sub_msg":"无结果","request_id":"16mk6s2f2is8z"}}
2022-10-30 04:37:11	{"error_response":{"code":15,"msg":"Remote service error","sub_code":"50001","sub_msg":"无结果","request_id":"16mcha5s6eepi"}}
2022-10-30 04:52:14	{"error_response":{"code":15,"msg":"Remote service error","sub_code":"50001","sub_msg":"无结果","request_id":"15r7bcwh6tw0e"}}
2022-10-30 05:02:44	{"error_response":{"code":15,"msg":"Remote service error","sub_code":"50001","sub_msg":"无结果","request_id":"15rcifoxnlfkb"}}
2022-10-30 05:07:01	{"error_response":{"code":15,"msg":"Remote service error","sub_code":"50001","sub_msg":"无结果","request_id":"15rmk49werhoc"}}
2022-10-30 05:16:28	{"error_response":{"code":15,"msg":"Remote service error","sub_code":"50001","sub_msg":"无结果","request_id":"16lwz63a04905"}}
2022-10-30 05:26:33	{"error_response":{"code":15,"msg":"Remote service error","sub_code":"50001","sub_msg":"无结果","request_id":"15r5eribj8p4n"}}
2022-10-30 05:58:58	{"error_response":{"code":15,"msg":"Remote service error","sub_code":"50001","sub_msg":"无结果","request_id":"15rrr73izg4jb"}}
2022-10-30 05:59:55	{"error_response":{"code":15,"msg":"Remote service error","sub_code":"50001","sub_msg":"无结果","request_id":"15rve5g2ervq0"}}
2022-10-30 06:15:21	{"error_response":{"code":15,"msg":"Remote service error","sub_code":"50001","sub_msg":"无结果","request_id":"15s4x4k4q2cre"}}
2022-10-30 06:20:19	{"error_response":{"code":15,"msg":"Remote service error","sub_code":"50001","sub_msg":"无结果","request_id":"16mqxzdvhw92v"}}
2022-10-30 06:26:25	{"error_response":{"code":15,"msg":"Remote service error","sub_code":"50001","sub_msg":"无结果","request_id":"16m234ojkzg7n"}}
2022-10-30 06:29:22	{"error_response":{"code":15,"msg":"Remote service error","sub_code":"50001","sub_msg":"无结果","request_id":"15rf3z5gkvyxd"}}
2022-10-30 06:31:42	{"error_response":{"code":15,"msg":"Remote service error","sub_code":"50001","sub_msg":"无结果","request_id":"15rgo3l6aekt9"}}
2022-10-30 06:34:12	{"error_response":{"code":15,"msg":"Remote service error","sub_code":"50001","sub_msg":"无结果","request_id":"15rx1e5jvxrx7"}}
2022-10-30 06:49:02	{"error_response":{"code":15,"msg":"Remote service error","sub_code":"50001","sub_msg":"无结果","request_id":"15s39vwkbek4x"}}
2022-10-30 06:56:41	{"error_response":{"code":15,"msg":"Remote service error","sub_code":"isp.entry-sys-error","sub_msg":"内部服务出错","request_id":"16mkphob3v8vt"}}
2022-10-30 07:06:02	{"error_response":{"code":15,"msg":"Remote service error","sub_code":"50001","sub_msg":"无结果","request_id":"15r6d2aovxqe7"}}
2022-10-30 07:10:57	{"error_response":{"code":15,"msg":"Remote service error","sub_code":"50001","sub_msg":"无结果","request_id":"15r5xh2hdyq7r"}}
2022-10-30 07:20:10	{"error_response":{"code":15,"msg":"Remote service error","sub_code":"50001","sub_msg":"无结果","request_id":"16lswmlwr5z69"}}
2022-10-30 07:31:47	{"error_response":{"code":15,"msg":"Remote service error","sub_code":"50001","sub_msg":"无结果","request_id":"16mahkmprnpfz"}}
2022-10-30 07:32:58	{"error_response":{"code":15,"msg":"Remote service error","sub_code":"50001","sub_msg":"无结果","request_id":"16m8o3ghr3cv5"}}
2022-10-30 07:46:36	{"error_response":{"code":15,"msg":"Remote service error","sub_code":"50001","sub_msg":"无结果","request_id":"15rdzg0c7695z"}}
2022-10-30 07:55:16	{"error_response":{"code":15,"msg":"Remote service error","sub_code":"50001","sub_msg":"无结果","request_id":"16mhl8unxyvll"}}
2022-10-30 08:13:47	{"error_response":{"code":15,"msg":"Remote service error","sub_code":"50001","sub_msg":"无结果","request_id":"16mmiywqo2gyb"}}
2022-10-30 08:51:18	{"error_response":{"code":15,"msg":"Remote service error","sub_code":"50001","sub_msg":"无结果","request_id":"15rcood4hkejq"}}
2022-10-30 08:59:02	{"error_response":{"code":15,"msg":"Remote service error","sub_code":"50001","sub_msg":"无结果","request_id":"15rdgql60mvsj"}}
2022-10-30 09:34:43	{"error_response":{"code":15,"msg":"Remote service error","sub_code":"50001","sub_msg":"无结果","request_id":"16mnh9ol5xvgy"}}
2022-10-30 09:42:32	{"error_response":{"code":15,"msg":"Remote service error","sub_code":"50001","sub_msg":"无结果","request_id":"16msbvhhptvi6"}}
2022-10-30 09:56:28	{"error_response":{"code":15,"msg":"Remote service error","sub_code":"50001","sub_msg":"无结果","request_id":"15rd49nb6xkt8"}}
2022-10-30 10:33:41	{"error_response":{"code":15,"msg":"Remote service error","sub_code":"50001","sub_msg":"无结果","request_id":"15rz7ci1mxb2t"}}
2022-10-30 10:40:45	{"error_response":{"code":15,"msg":"Remote service error","sub_code":"50001","sub_msg":"无结果","request_id":"15rz7ci8tge69"}}
2022-10-30 10:42:41	{"error_response":{"code":15,"msg":"Remote service error","sub_code":"50001","sub_msg":"无结果","request_id":"16mofkg2hqsvq"}}
2022-10-30 10:43:41	{"error_response":{"code":15,"msg":"Remote service error","sub_code":"50001","sub_msg":"无结果","request_id":"15s4x4rpdi68j"}}
2022-10-30 10:45:56	{"error_response":{"code":15,"msg":"Remote service error","sub_code":"50001","sub_msg":"无结果","request_id":"16mg48spbgld9"}}
2022-10-30 11:00:12	{"error_response":{"code":15,"msg":"Remote service error","sub_code":"50001","sub_msg":"无结果","request_id":"16mb9n0f7x60e"}}
2022-10-30 11:08:53	{"error_response":{"code":15,"msg":"Remote service error","sub_code":"50001","sub_msg":"无结果","request_id":"16mahksud52g8"}}
2022-10-30 11:22:59	{"error_response":{"code":15,"msg":"Remote service error","sub_code":"50001","sub_msg":"无结果","request_id":"15rmk4kifgvco"}}
2022-10-30 11:25:42	{"error_response":{"code":15,"msg":"Remote service error","sub_code":"50001","sub_msg":"无结果","request_id":"16mdipfqtsaw0"}}
2022-10-30 11:27:34	{"error_response":{"code":15,"msg":"Remote service error","sub_code":"50001","sub_msg":"无结果","request_id":"15roahi10nyaj"}}
2022-10-30 11:30:31	{"error_response":{"code":15,"msg":"Remote service error","sub_code":"50001","sub_msg":"无结果","request_id":"16men8n6lc8mm"}}
2022-10-30 11:35:07	{"error_response":{"code":15,"msg":"Remote service error","sub_code":"50001","sub_msg":"无结果","request_id":"15ri540imx76d"}}
2022-10-30 12:02:10	{"error_response":{"code":15,"msg":"Remote service error","sub_code":"50001","sub_msg":"无结果","request_id":"16m62ka0e2agw"}}
2022-10-30 12:02:39	{"error_response":{"code":15,"msg":"Remote service error","sub_code":"50001","sub_msg":"无结果","request_id":"16mh8s264nw2q"}}
2022-10-30 12:06:21	{"error_response":{"code":15,"msg":"Remote service error","sub_code":"50001","sub_msg":"无结果","request_id":"16maqxl2nnie8"}}
2022-10-30 12:25:30	{"error_response":{"code":15,"msg":"Remote service error","sub_code":"50001","sub_msg":"无结果","request_id":"15reumowjzj3x"}}
2022-10-30 12:31:28	{"error_response":{"code":15,"msg":"Remote service error","sub_code":"50001","sub_msg":"无结果","request_id":"15rbk5c1cubg7"}}
2022-10-30 12:34:32	{"error_response":{"code":15,"msg":"Remote service error","sub_code":"50001","sub_msg":"无结果","request_id":"15rspi496rsb8"}}
2022-10-30 12:53:58	{"error_response":{"code":15,"msg":"Remote service error","sub_code":"50001","sub_msg":"无结果","request_id":"16midbax4wna6"}}
2022-10-30 13:06:05	{"error_response":{"code":15,"msg":"Remote service error","sub_code":"50001","sub_msg":"无结果","request_id":"15s0oct4jl3dd"}}
2022-10-30 13:08:01	{"error_response":{"code":15,"msg":"Remote service error","sub_code":"50001","sub_msg":"无结果","request_id":"15r8cs8wif1hf"}}
2022-10-30 13:08:37	{"error_response":{"code":15,"msg":"Remote service error","sub_code":"50001","sub_msg":"无结果","request_id":"15rmzpvu8sss6"}}
2022-10-30 13:10:50	{"error_response":{"code":15,"msg":"Remote service error","sub_code":"50001","sub_msg":"无结果","request_id":"16mgt6vqxhwke"}}
2022-10-30 13:13:30	{"error_response":{"code":15,"msg":"Remote service error","sub_code":"50001","sub_msg":"无结果","request_id":"15rx1egtm530z"}}
2022-10-30 13:26:33	{"error_response":{"code":15,"msg":"Remote service error","sub_code":"50001","sub_msg":"无结果","request_id":"15r6ywbill5ww"}}
2022-10-30 13:30:44	{"error_response":{"code":15,"msg":"Remote service error","sub_code":"50001","sub_msg":"无结果","request_id":"15r5r8vgpaih5"}}
2022-10-30 13:34:09	{"error_response":{"code":15,"msg":"Remote service error","sub_code":"50001","sub_msg":"无结果","request_id":"16kexkqumtmlp"}}
2022-10-30 14:09:37	{"error_response":{"code":15,"msg":"Remote service error","sub_code":"50001","sub_msg":"无结果","request_id":"16lu164rnvsxv"}}
2022-10-30 14:15:25	{"error_response":{"code":15,"msg":"Remote service error","sub_code":"50001","sub_msg":"无结果","request_id":"15rqw10ugxzdl"}}
2022-10-30 14:16:40	{"error_response":{"code":15,"msg":"Remote service error","sub_code":"50001","sub_msg":"无结果","request_id":"15rvha2ygt231"}}
2022-10-30 14:17:04	{"error_response":{"code":15,"msg":"Remote service error","sub_code":"50001","sub_msg":"无结果","request_id":"16m8uc9myf4fl"}}
2022-10-30 14:20:02	{"error_response":{"code":15,"msg":"Remote service error","sub_code":"50001","sub_msg":"无结果","request_id":"15r58jfn0eqzs"}}
2022-10-30 14:33:36	{"error_response":{"code":15,"msg":"Remote service error","sub_code":"50001","sub_msg":"无结果","request_id":"15r8p9asnz8lb"}}
2022-10-30 14:48:36	{"error_response":{"code":15,"msg":"Remote service error","sub_code":"50001","sub_msg":"无结果","request_id":"15rnfb70c1jkf"}}
2022-10-30 14:49:08	{"error_response":{"code":15,"msg":"Remote service error","sub_code":"50001","sub_msg":"无结果","request_id":"15rix6dtfw008"}}
2022-10-30 14:52:46	{"error_response":{"code":15,"msg":"Remote service error","sub_code":"50001","sub_msg":"无结果","request_id":"16mek4k0swpd9"}}
2022-10-30 14:52:55	{"error_response":{"code":15,"msg":"Remote service error","sub_code":"50001","sub_msg":"无结果","request_id":"15r6d2nva1rhe"}}
2022-10-30 15:07:46	{"error_response":{"code":15,"msg":"Remote service error","sub_code":"50001","sub_msg":"无结果","request_id":"15s228ugxmicf"}}
2022-10-30 15:12:56	{"error_response":{"code":15,"msg":"Remote service error","sub_code":"50001","sub_msg":"无结果","request_id":"15rlyb0x0obz1"}}
2022-10-30 15:32:23	{"error_response":{"code":15,"msg":"Remote service error","sub_code":"50001","sub_msg":"无结果","request_id":"15rxn8attbbhq"}}
2022-10-30 16:02:46	{"error_response":{"code":15,"msg":"Remote service error","sub_code":"50001","sub_msg":"无结果","request_id":"16mmm3iui6kf2"}}
2022-10-30 16:04:06	{"error_response":{"code":15,"msg":"Remote service error","sub_code":"50001","sub_msg":"无结果","request_id":"15rt1z9nbop4w"}}
2022-10-30 16:05:00	{"error_response":{"code":15,"msg":"Remote service error","sub_code":"50001","sub_msg":"无结果","request_id":"15r6mfgifi4l7"}}
2022-10-30 16:07:10	{"error_response":{"code":15,"msg":"Remote service error","sub_code":"50001","sub_msg":"无结果","request_id":"16mctroqgp6io"}}
2022-10-30 16:11:39	{"error_response":{"code":15,"msg":"Remote service error","sub_code":"50001","sub_msg":"无结果","request_id":"15rjm4f3nrqp1"}}
2022-10-30 16:12:59	{"error_response":{"code":15,"msg":"Remote service error","sub_code":"50001","sub_msg":"无结果","request_id":"15ri548cz9bgq"}}
2022-10-30 16:15:59	{"error_response":{"code":15,"msg":"Remote service error","sub_code":"50001","sub_msg":"无结果","request_id":"15rei5vxklzzv"}}
2022-10-30 16:20:22	{"error_response":{"code":15,"msg":"Remote service error","sub_code":"50001","sub_msg":"无结果","request_id":"15rcig82754nn"}}
2022-10-30 16:26:28	{"error_response":{"code":15,"msg":"Remote service error","sub_code":"50001","sub_msg":"无结果","request_id":"15r4mpt4f0o83"}}
2022-10-30 16:26:36	{"error_response":{"code":15,"msg":"Remote service error","sub_code":"50001","sub_msg":"无结果","request_id":"16lxr8u0li3b1"}}
2022-10-30 16:40:43	{"error_response":{"code":15,"msg":"Remote service error","sub_code":"50001","sub_msg":"无结果","request_id":"15r4mptiwauvw"}}
2022-10-30 16:42:29	{"error_response":{"code":15,"msg":"Remote service error","sub_code":"50001","sub_msg":"无结果","request_id":"16mm09tvsdpu9"}}
2022-10-30 16:47:01	{"error_response":{"code":15,"msg":"Remote service error","sub_code":"50001","sub_msg":"无结果","request_id":"15rmzq2066mwj"}}
2022-10-30 16:52:41	{"error_response":{"code":15,"msg":"Remote service error","sub_code":"50001","sub_msg":"无结果","request_id":"15r5r915wq5o7"}}
2022-10-30 16:53:25	{"error_response":{"code":15,"msg":"Remote service error","sub_code":"50001","sub_msg":"无结果","request_id":"15s991dlvztwo"}}
2022-10-30 17:25:01	{"error_response":{"code":15,"msg":"Remote service error","sub_code":"50001","sub_msg":"无结果","request_id":"16m09o0vk4bq2"}}
2022-10-30 17:25:12	{"error_response":{"code":15,"msg":"Remote service error","sub_code":"50001","sub_msg":"无结果","request_id":"15rkww67ut6vv"}}
2022-10-30 17:26:24	{"error_response":{"code":15,"msg":"Remote service error","sub_code":"50001","sub_msg":"无结果","request_id":"16mjeqh1ipi8e"}}
2022-10-30 17:37:18	{"error_response":{"code":15,"msg":"Remote service error","sub_code":"50001","sub_msg":"无结果","request_id":"15rd4a0bgbpv7"}}
2022-10-30 17:40:02	{"error_response":{"code":15,"msg":"Remote service error","sub_code":"50001","sub_msg":"无结果","request_id":"15rve5ztt64x7"}}
2022-10-30 17:45:43	{"error_response":{"code":15,"msg":"Remote service error","sub_code":"50001","sub_msg":"无结果","request_id":"15rgxgut1telj"}}
2022-10-30 18:13:07	{"error_response":{"code":15,"msg":"Remote service error","sub_code":"50001","sub_msg":"无结果","request_id":"16mau24am590l"}}
2022-10-30 18:21:31	{"error_response":{"code":15,"msg":"Remote service error","sub_code":"50001","sub_msg":"无结果","request_id":"16mhodl7kuu20"}}
2022-10-30 18:25:54	{"error_response":{"code":15,"msg":"Remote service error","sub_code":"50001","sub_msg":"无结果","request_id":"16lyjb57hx7v7"}}
2022-10-30 18:31:22	{"error_response":{"code":15,"msg":"Remote service error","sub_code":"50001","sub_msg":"无结果","request_id":"16lsh1wiarlqu"}}
2022-10-30 18:32:34	{"error_response":{"code":15,"msg":"Remote service error","sub_code":"50001","sub_msg":"无结果","request_id":"15rj9njlo6rg7"}}
2022-10-30 18:33:15	{"error_response":{"code":15,"msg":"Remote service error","sub_code":"50001","sub_msg":"无结果","request_id":"16mq91zlvfyrz"}}
2022-10-30 18:37:00	{"error_response":{"code":15,"msg":"Remote service error","sub_code":"50001","sub_msg":"无结果","request_id":"15r4mpwt1v1s0"}}
2022-10-30 18:38:57	{"error_response":{"code":15,"msg":"Remote service error","sub_code":"50001","sub_msg":"无结果","request_id":"15s7s19t2x3jn"}}
2022-10-30 18:41:30	{"error_response":{"code":15,"msg":"Remote service error","sub_code":"50001","sub_msg":"无结果","request_id":"16lzehmcb5jnw"}}
2022-10-30 18:48:37	{"error_response":{"code":15,"msg":"Remote service error","sub_code":"50001","sub_msg":"无结果","request_id":"16m29dr8bzmit"}}
2022-10-30 18:54:15	{"error_response":{"code":15,"msg":"Remote service error","sub_code":"50001","sub_msg":"无结果","request_id":"16md00b6u7ex4"}}
2022-10-30 19:00:32	{"error_response":{"code":15,"msg":"Remote service error","sub_code":"50001","sub_msg":"无结果","request_id":"16mhodmb8lov5"}}
2022-10-30 19:14:01	{"error_response":{"code":15,"msg":"Remote service error","sub_code":"50001","sub_msg":"无结果","request_id":"16mek4re8zx8n"}}
2022-10-30 19:23:09	{"error_response":{"code":15,"msg":"Remote service error","sub_code":"50001","sub_msg":"无结果","request_id":"15rvnitch830n"}}
2022-10-30 19:36:05	{"error_response":{"code":15,"msg":"Remote service error","sub_code":"50001","sub_msg":"无结果","request_id":"16m82aatfk0zx"}}
2022-10-30 19:39:08	{"error_response":{"code":15,"msg":"Remote service error","sub_code":"50001","sub_msg":"无结果","request_id":"15rpodtt9d2oy"}}
2022-10-30 19:39:29	{"error_response":{"code":15,"msg":"Remote service error","sub_code":"50001","sub_msg":"无结果","request_id":"15rmwly048ss6"}}
2022-10-30 19:41:52	{"error_response":{"code":15,"msg":"Remote service error","sub_code":"50001","sub_msg":"无结果","request_id":"16mfonzhewqyd"}}
2022-10-30 19:43:09	{"error_response":{"code":15,"msg":"Remote service error","sub_code":"50001","sub_msg":"无结果","request_id":"15ra35hfxzrfn"}}
2022-10-30 19:44:37	{"error_response":{"code":15,"msg":"Remote service error","sub_code":"50001","sub_msg":"无结果","request_id":"16mipslzldgbg"}}
2022-10-30 19:46:49	{"error_response":{"code":15,"msg":"Remote service error","sub_code":"50001","sub_msg":"无结果","request_id":"16mrdl8zhf62w"}}
2022-10-30 19:55:44	{"error_response":{"code":15,"msg":"Remote service error","sub_code":"50001","sub_msg":"无结果","request_id":"15rk1ptru97bu"}}
2022-10-30 19:59:47	{"error_response":{"code":15,"msg":"Remote service error","sub_code":"50001","sub_msg":"无结果","request_id":"15re2ktwhy8cw"}}
2022-10-30 20:01:50	{"error_response":{"code":15,"msg":"Remote service error","sub_code":"50001","sub_msg":"无结果","request_id":"16mb9nfpkv3bb"}}
2022-10-30 20:02:26	{"error_response":{"code":15,"msg":"Remote service error","sub_code":"50001","sub_msg":"无结果","request_id":"16m7mp37q6akp"}}
2022-10-30 20:16:22	{"error_response":{"code":15,"msg":"Remote service error","sub_code":"50001","sub_msg":"无结果","request_id":"16lujvwc3ovdi"}}
2022-10-30 20:33:11	{"error_response":{"code":15,"msg":"Remote service error","sub_code":"50001","sub_msg":"无结果","request_id":"15rfa8b0l3wz8"}}
2022-10-30 20:51:13	{"error_response":{"code":15,"msg":"Remote service error","sub_code":"50001","sub_msg":"无结果","request_id":"16kf3tkxcgal0"}}
2022-10-30 20:51:21	{"error_response":{"code":15,"msg":"Remote service error","sub_code":"50001","sub_msg":"无结果","request_id":"15r6g76uspqh0"}}
2022-10-30 21:11:18	{"error_response":{"code":15,"msg":"Remote service error","sub_code":"50001","sub_msg":"无结果","request_id":"16kd786d7rwsh"}}
2022-10-30 21:14:02	{"error_response":{"code":15,"msg":"Remote service error","sub_code":"50001","sub_msg":"无结果","request_id":"16lrv8b0hsjug"}}
2022-10-30 21:21:45	{"error_response":{"code":15,"msg":"Remote service error","sub_code":"50001","sub_msg":"无结果","request_id":"15r9b3cegpj0a"}}
2022-10-30 21:23:09	{"error_response":{"code":15,"msg":"Remote service error","sub_code":"50001","sub_msg":"无结果","request_id":"16mimofwekter"}}
2022-10-30 21:30:43	{"error_response":{"code":15,"msg":"Remote service error","sub_code":"50001","sub_msg":"无结果","request_id":"15r9nkc4rsmrm"}}
2022-10-30 21:37:18	{"error_response":{"code":15,"msg":"Remote service error","sub_code":"50001","sub_msg":"无结果","request_id":"16mantsbi4hrx"}}
2022-10-30 21:38:46	{"error_response":{"code":15,"msg":"Remote service error","sub_code":"50001","sub_msg":"无结果","request_id":"15r4z71exa105"}}
2022-10-30 22:11:31	{"error_response":{"code":15,"msg":"Remote service error","sub_code":"50001","sub_msg":"无结果","request_id":"16m09o8yof1q1"}}
2022-10-30 22:32:54	{"error_response":{"code":15,"msg":"Remote service error","sub_code":"50001","sub_msg":"无结果","request_id":"15rjsd7lngoyg"}}
2022-10-30 22:35:32	{"error_response":{"code":15,"msg":"Remote service error","sub_code":"50001","sub_msg":"无结果","request_id":"15ryif3gqz3nr"}}
2022-10-30 22:54:43	{"error_response":{"code":15,"msg":"Remote service error","sub_code":"50001","sub_msg":"无结果","request_id":"16m6f1rwms7gu"}}
2022-10-30 22:55:08	{"error_response":{"code":15,"msg":"Remote service error","sub_code":"50001","sub_msg":"无结果","request_id":"16mgdm3w5wogf"}}
2022-10-30 23:06:01	{"error_response":{"code":15,"msg":"Remote service error","sub_code":"50001","sub_msg":"无结果","request_id":"16mgwblf08d0z"}}
2022-10-30 23:27:32	{"error_response":{"code":15,"msg":"Remote service error","sub_code":"50001","sub_msg":"无结果","request_id":"16mr14fqkgh8r"}}
2022-10-30 23:34:06	{"error_response":{"code":15,"msg":"Remote service error","sub_code":"50001","sub_msg":"无结果","request_id":"15rwoxyv0ylyu"}}
2022-10-30 23:37:17	{"error_response":{"code":15,"msg":"Remote service error","sub_code":"50001","sub_msg":"无结果","request_id":"15rfz6f60xr3n"}}
2022-10-30 23:39:22	{"error_response":{"code":15,"msg":"Remote service error","sub_code":"50001","sub_msg":"无结果","request_id":"15rrbmp3zn56j"}}
2022-10-30 23:53:52	{"error_response":{"code":15,"msg":"Remote service error","sub_code":"50001","sub_msg":"无结果","request_id":"16kdt211hgxwa"}}
2022-10-30 23:56:38	{"error_response":{"code":15,"msg":"Remote service error","sub_code":"50001","sub_msg":"无结果","request_id":"15s1swisfgj8f"}}
