2022-10-31 00:00:49	{"error_response":{"code":15,"msg":"Remote service error","sub_code":"50001","sub_msg":"无结果","request_id":"15rd4ab555iod"}}
2022-10-31 00:05:44	{"error_response":{"code":15,"msg":"Remote service error","sub_code":"50001","sub_msg":"无结果","request_id":"15s509n7mzn7z"}}
2022-10-31 00:11:33	{"error_response":{"code":15,"msg":"Remote service error","sub_code":"50001","sub_msg":"无结果","request_id":"16mpth0t4u6xe"}}
2022-10-31 00:15:13	{"error_response":{"code":15,"msg":"Remote service error","sub_code":"50001","sub_msg":"无结果","request_id":"15rlv77cqeql4"}}
2022-10-31 00:15:56	{"error_response":{"code":15,"msg":"Remote service error","sub_code":"50001","sub_msg":"无结果","request_id":"15rhg6n1c8c0f"}}
2022-10-31 00:36:11	{"error_response":{"code":15,"msg":"Remote service error","sub_code":"50001","sub_msg":"无结果","request_id":"15rp8stulj7ar"}}
2022-10-31 00:44:44	{"error_response":{"code":15,"msg":"Remote service error","sub_code":"50001","sub_msg":"无结果","request_id":"16mqlj9kiya59"}}
2022-10-31 01:04:13	{"error_response":{"code":15,"msg":"Remote service error","sub_code":"50001","sub_msg":"无结果","request_id":"16m4rt71kq4vh"}}
2022-10-31 01:05:22	{"error_response":{"code":15,"msg":"Remote service error","sub_code":"50001","sub_msg":"无结果","request_id":"15rbdxfksl6ri"}}
2022-10-31 01:07:32	{"error_response":{"code":15,"msg":"Remote service error","sub_code":"50001","sub_msg":"无结果","request_id":"16lxr98pxcs93"}}
2022-10-31 01:07:56	{"error_response":{"code":15,"msg":"Remote service error","sub_code":"50001","sub_msg":"无结果","request_id":"15rr2a102z93j"}}
2022-10-31 01:12:51	{"error_response":{"code":15,"msg":"Remote service error","sub_code":"50001","sub_msg":"无结果","request_id":"15rcign399zkq"}}
2022-10-31 01:34:45	{"error_response":{"code":15,"msg":"Remote service error","sub_code":"50001","sub_msg":"无结果","request_id":"15rxarscp111f"}}
2022-10-31 01:38:30	{"error_response":{"code":15,"msg":"Remote service error","sub_code":"50001","sub_msg":"无结果","request_id":"16mfy105o3lno"}}
2022-10-31 01:40:51	{"error_response":{"code":15,"msg":"Remote service error","sub_code":"50001","sub_msg":"无结果","request_id":"16m8xh1t158vp"}}
2022-10-31 01:46:01	{"error_response":{"code":15,"msg":"Remote service error","sub_code":"50001","sub_msg":"无结果","request_id":"16lv2lmuu4yw8"}}
2022-10-31 01:50:44	{"error_response":{"code":15,"msg":"Remote service error","sub_code":"50001","sub_msg":"无结果","request_id":"16mofl5p5qwx2"}}
2022-10-31 02:01:06	{"error_response":{"code":15,"msg":"Remote service error","sub_code":"50001","sub_msg":"无结果","request_id":"16mo9co93zfs5"}}
2022-10-31 02:03:13	{"error_response":{"code":15,"msg":"Remote service error","sub_code":"50001","sub_msg":"无结果","request_id":"16mr14k4qzovg"}}
2022-10-31 02:08:56	{"error_response":{"code":15,"msg":"Remote service error","sub_code":"50001","sub_msg":"无结果","request_id":"15r8fx3tardtq"}}
2022-10-31 02:13:36	{"error_response":{"code":15,"msg":"Remote service error","sub_code":"50001","sub_msg":"无结果","request_id":"16lvf2n41go5a"}}
2022-10-31 02:35:47	{"error_response":{"code":15,"msg":"Remote service error","sub_code":"50001","sub_msg":"无结果","request_id":"16md34x33cnbz"}}
2022-10-31 02:38:42	{"error_response":{"code":15,"msg":"Remote service error","sub_code":"50001","sub_msg":"无结果","request_id":"15raozj99h8j0"}}
2022-10-31 02:38:46	{"error_response":{"code":15,"msg":"Remote service error","sub_code":"50001","sub_msg":"无结果","request_id":"15rlv7beky778"}}
2022-10-31 02:41:06	{"error_response":{"code":15,"msg":"Remote service error","sub_code":"50001","sub_msg":"无结果","request_id":"15rs0kt70xh12"}}
2022-10-31 02:41:47	{"error_response":{"code":15,"msg":"Remote service error","sub_code":"50001","sub_msg":"无结果","request_id":"16mia7pezfu5b"}}
2022-10-31 03:24:28	{"error_response":{"code":15,"msg":"Remote service error","sub_code":"50001","sub_msg":"无结果","request_id":"15s8tgn2mjgvj"}}
2022-10-31 03:25:29	{"error_response":{"code":15,"msg":"Remote service error","sub_code":"50001","sub_msg":"无结果","request_id":"16m6f1zjr1yci"}}
2022-10-31 03:34:17	{"error_response":{"code":15,"msg":"Remote service error","sub_code":"50001","sub_msg":"无结果","request_id":"16measewotna1"}}
2022-10-31 03:34:53	{"error_response":{"code":15,"msg":"Remote service error","sub_code":"50001","sub_msg":"无结果","request_id":"15rw68ofw8oqo"}}
2022-10-31 03:36:45	{"error_response":{"code":15,"msg":"Remote service error","sub_code":"50001","sub_msg":"无结果","request_id":"15rt88axpqzi7"}}
2022-10-31 03:39:09	{"error_response":{"code":15,"msg":"Remote service error","sub_code":"50001","sub_msg":"无结果","request_id":"15rc2vivfjsct"}}
2022-10-31 03:48:35	{"error_response":{"code":15,"msg":"Remote service error","sub_code":"50001","sub_msg":"无结果","request_id":"15rrbmw57u5lg"}}
2022-10-31 03:54:02	{"error_response":{"code":15,"msg":"Remote service error","sub_code":"50001","sub_msg":"无结果","request_id":"16lxbo52mfg3y"}}
2022-10-31 03:58:39	{"error_response":{"code":15,"msg":"Remote service error","sub_code":"50001","sub_msg":"无结果","request_id":"16m8ucwtrjgso"}}
2022-10-31 04:09:18	{"error_response":{"code":15,"msg":"Remote service error","sub_code":"50001","sub_msg":"无结果","request_id":"16manu3dt9ldw"}}
2022-10-31 04:11:19	{"error_response":{"code":15,"msg":"Remote service error","sub_code":"50001","sub_msg":"无结果","request_id":"16m3qedw4h44j"}}
2022-10-31 04:19:56	{"error_response":{"code":15,"msg":"Remote service error","sub_code":"50001","sub_msg":"无结果","request_id":"16kdw6hf48t1g"}}
2022-10-31 04:20:12	{"error_response":{"code":15,"msg":"Remote service error","sub_code":"50001","sub_msg":"无结果","request_id":"16m57ekx6ye0p"}}
2022-10-31 04:21:04	{"error_response":{"code":15,"msg":"Remote service error","sub_code":"50001","sub_msg":"无结果","request_id":"15r58k3dl4mae"}}
2022-10-31 04:30:55	{"error_response":{"code":15,"msg":"Remote service error","sub_code":"50001","sub_msg":"无结果","request_id":"15rgl0djg7jz8"}}
2022-10-31 04:32:20	{"error_response":{"code":15,"msg":"Remote service error","sub_code":"50001","sub_msg":"无结果","request_id":"15s1pshp973ib"}}
2022-10-31 04:37:19	{"error_response":{"code":15,"msg":"Remote service error","sub_code":"50001","sub_msg":"无结果","request_id":"16mkg5yes6pj4"}}
2022-10-31 04:38:35	{"error_response":{"code":15,"msg":"Remote service error","sub_code":"50001","sub_msg":"无结果","request_id":"15r4pumnlr501"}}
2022-10-31 04:54:30	{"error_response":{"code":15,"msg":"Remote service error","sub_code":"50001","sub_msg":"无结果","request_id":"15riehkgmyrj4"}}
2022-10-31 04:59:25	{"error_response":{"code":15,"msg":"Remote service error","sub_code":"50001","sub_msg":"无结果","request_id":"15rro3xmda90h"}}
2022-10-31 10:01:36	{"error_response":{"code":15,"msg":"Remote service error","sub_code":"50001","sub_msg":"无结果","request_id":"15rbdxupoa3lu"}}
2022-10-31 10:18:33	{"error_response":{"code":15,"msg":"Remote service error","sub_code":"50001","sub_msg":"无结果","request_id":"16mp1fa48uuwd"}}
2022-10-31 10:21:01	{"error_response":{"code":15,"msg":"Remote service error","sub_code":"50001","sub_msg":"无结果","request_id":"16mnb2cstoges"}}
2022-10-31 10:31:39	{"error_response":{"code":15,"msg":"Remote service error","sub_code":"50001","sub_msg":"无结果","request_id":"15rq7407x03rj"}}
2022-10-31 10:46:57	{"error_response":{"code":15,"msg":"Remote service error","sub_code":"50001","sub_msg":"无结果","request_id":"15s0ri2pnm5sw"}}
2022-10-31 11:13:18	{"error_response":{"code":15,"msg":"Remote service error","sub_code":"50001","sub_msg":"无结果","request_id":"15rmn9xr2uk1g"}}
2022-10-31 11:30:15	{"error_response":{"code":15,"msg":"Remote service error","sub_code":"50001","sub_msg":"无结果","request_id":"16lrfnqu11k4z"}}
2022-10-31 11:34:05	{"error_response":{"code":15,"msg":"Remote service error","sub_code":"50001","sub_msg":"无结果","request_id":"15s453py3vlnw"}}
2022-10-31 11:35:49	{"error_response":{"code":15,"msg":"Remote service error","sub_code":"50001","sub_msg":"无结果","request_id":"16m0pa40esniu"}}
2022-10-31 11:37:31	{"error_response":{"code":15,"msg":"Remote service error","sub_code":"50001","sub_msg":"无结果","request_id":"16mnnjefq7jol"}}
2022-10-31 11:45:14	{"error_response":{"code":15,"msg":"Remote service error","sub_code":"50001","sub_msg":"无结果","request_id":"15rjm5c85b1vm"}}
2022-10-31 11:48:41	{"error_response":{"code":15,"msg":"Remote service error","sub_code":"50001","sub_msg":"无结果","request_id":"15s81ethanjf2"}}
2022-10-31 11:49:37	{"error_response":{"code":15,"msg":"Remote service error","sub_code":"50001","sub_msg":"无结果","request_id":"16mc7yw0vmxv1"}}
2022-10-31 11:52:26	{"error_response":{"code":15,"msg":"Remote service error","sub_code":"50001","sub_msg":"无结果","request_id":"16mfooqvlinu0"}}
2022-10-31 11:52:50	{"error_response":{"code":15,"msg":"Remote service error","sub_code":"50001","sub_msg":"无结果","request_id":"15ruvhdgfbt3t"}}
2022-10-31 12:02:30	{"error_response":{"code":15,"msg":"Remote service error","sub_code":"isp.entry-sys-error","sub_msg":"内部服务出错","request_id":"16lxesrq9795f"}}
2022-10-31 12:09:00	{"error_response":{"code":15,"msg":"Remote service error","sub_code":"50001","sub_msg":"无结果","request_id":"15rd4avp23svx"}}
2022-10-31 12:11:12	{"error_response":{"code":15,"msg":"Remote service error","sub_code":"50001","sub_msg":"无结果","request_id":"15re8u325ch94"}}
2022-10-31 12:23:12	{"error_response":{"code":15,"msg":"Remote service error","sub_code":"50001","sub_msg":"无结果","request_id":"16kd78w3t286o"}}
2022-10-31 12:25:09	{"error_response":{"code":15,"msg":"Remote service error","sub_code":"50001","sub_msg":"无结果","request_id":"16lzbe7hst052"}}
2022-10-31 12:25:43	{"error_response":{"code":15,"msg":"Remote service error","sub_code":"50001","sub_msg":"无结果","request_id":"16mfc7sc8u6yq"}}
2022-10-31 12:28:12	{"error_response":{"code":15,"msg":"Remote service error","sub_code":"50001","sub_msg":"无结果","request_id":"16lv2m4zd7bdq"}}
2022-10-31 12:36:13	{"error_response":{"code":15,"msg":"Remote service error","sub_code":"50001","sub_msg":"无结果","request_id":"16mp7nvqpr7nj"}}
2022-10-31 12:36:53	{"error_response":{"code":15,"msg":"Remote service error","sub_code":"50001","sub_msg":"无结果","request_id":"15s0umeonhxkd"}}
2022-10-31 12:39:50	{"error_response":{"code":15,"msg":"Remote service error","sub_code":"50001","sub_msg":"无结果","request_id":"16lw413qqmosx"}}
2022-10-31 12:50:57	{"error_response":{"code":15,"msg":"Remote service error","sub_code":"50001","sub_msg":"无结果","request_id":"16kebs46v458s"}}
2022-10-31 13:03:50	{"error_response":{"code":15,"msg":"Remote service error","sub_code":"50001","sub_msg":"无结果","request_id":"15rq3zvn9980p"}}
2022-10-31 13:04:07	{"error_response":{"code":15,"msg":"Remote service error","sub_code":"50001","sub_msg":"无结果","request_id":"16mk0l4d9q43k"}}
2022-10-31 13:22:05	{"error_response":{"code":15,"msg":"Remote service error","sub_code":"50001","sub_msg":"无结果","request_id":"16m8l0m4dezy7"}}
2022-10-31 13:29:23	{"error_response":{"code":15,"msg":"Remote service error","sub_code":"50001","sub_msg":"无结果","request_id":"15rcy2g84smk9"}}
2022-10-31 13:45:44	{"error_response":{"code":15,"msg":"Remote service error","sub_code":"50001","sub_msg":"无结果","request_id":"16lujwpyd5eya"}}
2022-10-31 13:49:21	{"error_response":{"code":15,"msg":"Remote service error","sub_code":"50001","sub_msg":"无结果","request_id":"15rf40miufd4j"}}
2022-10-31 14:04:17	{"error_response":{"code":15,"msg":"Remote service error","sub_code":"50001","sub_msg":"无结果","request_id":"15r8j1wvhcbzy"}}
2022-10-31 14:28:32	{"error_response":{"code":15,"msg":"Remote service error","sub_code":"50001","sub_msg":"无结果","request_id":"16mf5ze2g45vu"}}
2022-10-31 14:33:33	{"error_response":{"code":15,"msg":"Remote service error","sub_code":"50001","sub_msg":"无结果","request_id":"16m4opl0nhccr"}}
2022-10-31 14:49:42	{"error_response":{"code":15,"msg":"Remote service error","sub_code":"50001","sub_msg":"无结果","request_id":"15s36t5wm1xwa"}}
2022-10-31 14:54:16	{"error_response":{"code":15,"msg":"Remote service error","sub_code":"isp.top-remote-connection-timeout","sub_msg":"远程服务调用超时","request_id":"16ms2k4bqisyw"}}
2022-10-31 14:59:45	{"error_response":{"code":15,"msg":"Remote service error","sub_code":"50001","sub_msg":"无结果","request_id":"15rktsxvye2el"}}
2022-10-31 15:09:41	{"error_response":{"code":15,"msg":"Remote service error","sub_code":"50001","sub_msg":"无结果","request_id":"16lxesx0g6lsk"}}
2022-10-31 15:12:58	{"error_response":{"code":15,"msg":"Remote service error","sub_code":"50001","sub_msg":"无结果","request_id":"16ly6v4xgu0xj"}}
2022-10-31 16:11:21	{"error_response":{"code":15,"msg":"Remote service error","sub_code":"50001","sub_msg":"无结果","request_id":"15r7bekafrl03"}}
2022-10-31 16:18:14	{"error_response":{"code":15,"msg":"Remote service error","sub_code":"50001","sub_msg":"无结果","request_id":"15rp8tkftqdp2"}}
2022-10-31 16:38:11	{"error_response":{"code":15,"msg":"Remote service error","sub_code":"50001","sub_msg":"无结果","request_id":"16ly9zg7cjx8y"}}
2022-10-31 17:11:40	{"error_response":{"code":15,"msg":"Remote service error","sub_code":"50001","sub_msg":"无结果","request_id":"16kfvwr73yyo4"}}
2022-10-31 17:33:15	{"error_response":{"code":15,"msg":"Remote service error","sub_code":"50001","sub_msg":"无结果","request_id":"15rufwepu9q49"}}
2022-10-31 17:39:10	{"error_response":{"code":15,"msg":"Remote service error","sub_code":"50001","sub_msg":"无结果","request_id":"16misxvylsjwl"}}
2022-10-31 17:41:52	{"error_response":{"code":15,"msg":"Remote service error","sub_code":"50001","sub_msg":"无结果","request_id":"15rqw2bbfsgr4"}}
2022-10-31 17:44:44	{"error_response":{"code":15,"msg":"Remote service error","sub_code":"50001","sub_msg":"无结果","request_id":"15rxqds2sgljj"}}
2022-10-31 17:56:40	{"error_response":{"code":15,"msg":"Remote service error","sub_code":"50001","sub_msg":"无结果","request_id":"16mb9ogtl3ir5"}}
2022-10-31 17:58:11	{"error_response":{"code":15,"msg":"Remote service error","sub_code":"50001","sub_msg":"无结果","request_id":"16lun15y65oyx"}}
2022-10-31 18:00:40	{"error_response":{"code":15,"msg":"Remote service error","sub_code":"50001","sub_msg":"无结果","request_id":"15s173natvm3u"}}
2022-10-31 18:25:29	{"error_response":{"code":15,"msg":"Remote service error","sub_code":"50001","sub_msg":"无结果","request_id":"16mlnu1yg2tsp"}}
2022-10-31 18:35:10	{"error_response":{"code":15,"msg":"Remote service error","sub_code":"50001","sub_msg":"无结果","request_id":"16m1e8esvy5gh"}}
2022-10-31 19:16:30	{"error_response":{"code":15,"msg":"Remote service error","sub_code":"50001","sub_msg":"无结果","request_id":"16mdiqxoeoxyb"}}
2022-10-31 19:29:20	{"error_response":{"code":15,"msg":"Remote service error","sub_code":"50001","sub_msg":"无结果","request_id":"16kdw7736c06t"}}
2022-10-31 19:32:04	{"error_response":{"code":15,"msg":"Remote service error","sub_code":"50001","sub_msg":"无结果","request_id":"15rh6ut279gy9"}}
2022-10-31 19:36:43	{"error_response":{"code":15,"msg":"Remote service error","sub_code":"50001","sub_msg":"无结果","request_id":"16mhi6a8lk9wn"}}
2022-10-31 19:45:47	{"error_response":{"code":15,"msg":"Remote service error","sub_code":"50001","sub_msg":"无结果","request_id":"15s8h0fakdbph"}}
2022-10-31 20:25:02	{"error_response":{"code":15,"msg":"Remote service error","sub_code":"50001","sub_msg":"无结果","request_id":"16lxxin4o44mo"}}
2022-10-31 20:45:17	{"error_response":{"code":15,"msg":"Remote service error","sub_code":"50001","sub_msg":"无结果","request_id":"15r8seysts34q"}}
2022-10-31 20:48:28	{"error_response":{"code":15,"msg":"Remote service error","sub_code":"50001","sub_msg":"无结果","request_id":"16mqrspa8unit"}}
2022-10-31 20:48:58	{"error_response":{"code":15,"msg":"Remote service error","sub_code":"50001","sub_msg":"无结果","request_id":"15rmzrdh7l7a6"}}
2022-10-31 21:00:05	{"error_response":{"code":15,"msg":"Remote service error","sub_code":"50001","sub_msg":"无结果","request_id":"15s1jkruc378c"}}
2022-10-31 21:17:04	{"error_response":{"code":15,"msg":"Remote service error","sub_code":"50001","sub_msg":"无结果","request_id":"16lvog9ztuqll"}}
2022-10-31 21:17:42	{"error_response":{"code":15,"msg":"Remote service error","sub_code":"50001","sub_msg":"无结果","request_id":"15rgeso7v81v2"}}
2022-10-31 21:19:36	{"error_response":{"code":15,"msg":"Remote service error","sub_code":"50001","sub_msg":"无结果","request_id":"16ma55f8xhcki"}}
2022-10-31 21:21:54	{"error_response":{"code":15,"msg":"Remote service error","sub_code":"50001","sub_msg":"无结果","request_id":"15rb4lnb1ah97"}}
2022-10-31 21:28:59	{"error_response":{"code":15,"msg":"Remote service error","sub_code":"50001","sub_msg":"无结果","request_id":"15rairxf657cm"}}
2022-10-31 21:33:33	{"error_response":{"code":15,"msg":"Remote service error","sub_code":"50001","sub_msg":"无结果","request_id":"15s0f1lhhi70f"}}
2022-10-31 21:44:23	{"error_response":{"code":15,"msg":"Remote service error","sub_code":"50001","sub_msg":"无结果","request_id":"16lzx8dd3xc87"}}
2022-10-31 22:08:52	{"error_response":{"code":15,"msg":"Remote service error","sub_code":"50001","sub_msg":"无结果","request_id":"15rpi6kxztvt3"}}
2022-10-31 22:24:45	{"error_response":{"code":15,"msg":"Remote service error","sub_code":"50001","sub_msg":"无结果","request_id":"15rowcvb2cj3b"}}
2022-10-31 22:31:06	{"error_response":{"code":15,"msg":"Remote service error","sub_code":"50001","sub_msg":"无结果","request_id":"16mkvs12cztq3"}}
2022-10-31 22:33:21	{"error_response":{"code":15,"msg":"Remote service error","sub_code":"50001","sub_msg":"无结果","request_id":"16lyd3z3j3yhw"}}
2022-10-31 22:34:09	{"error_response":{"code":15,"msg":"Remote service error","sub_code":"50001","sub_msg":"无结果","request_id":"15rdjwlorm6ca"}}
2022-10-31 22:34:14	{"error_response":{"code":15,"msg":"Remote service error","sub_code":"50001","sub_msg":"无结果","request_id":"16mlbd9i0w2iu"}}
2022-10-31 22:37:21	{"error_response":{"code":15,"msg":"Remote service error","sub_code":"50001","sub_msg":"无结果","request_id":"16m7753vusncu"}}
2022-10-31 22:47:31	{"error_response":{"code":15,"msg":"Remote service error","sub_code":"50001","sub_msg":"无结果","request_id":"16mrdmiqafxwb"}}
2022-10-31 22:48:12	{"error_response":{"code":15,"msg":"Remote service error","sub_code":"50001","sub_msg":"无结果","request_id":"15rc94x1l5zfe"}}
2022-10-31 22:50:20	{"error_response":{"code":15,"msg":"Remote service error","sub_code":"50001","sub_msg":"无结果","request_id":"15rls40qdg81o"}}
2022-10-31 22:51:53	{"error_response":{"code":15,"msg":"Remote service error","sub_code":"50001","sub_msg":"无结果","request_id":"15rzgqy4tkl42"}}
2022-10-31 22:53:22	{"error_response":{"code":15,"msg":"Remote service error","sub_code":"50001","sub_msg":"无结果","request_id":"16ltlmfuk1fhb"}}
2022-10-31 22:54:21	{"error_response":{"code":15,"msg":"Remote service error","sub_code":"50001","sub_msg":"无结果","request_id":"15rpof3yst5st"}}
2022-10-31 23:02:59	{"error_response":{"code":15,"msg":"Remote service error","sub_code":"50001","sub_msg":"无结果","request_id":"15rkb3ub72c6k"}}
2022-10-31 23:13:20	{"error_response":{"code":15,"msg":"Remote service error","sub_code":"50001","sub_msg":"无结果","request_id":"15rjfxdwqgp14"}}
2022-10-31 23:21:06	{"error_response":{"code":15,"msg":"Remote service error","sub_code":"50001","sub_msg":"无结果","request_id":"15rro4spt2ezs"}}
2022-10-31 23:22:25	{"error_response":{"code":15,"msg":"Remote service error","sub_code":"50001","sub_msg":"无结果","request_id":"16mjl0dh1twvm"}}
2022-10-31 23:22:48	{"error_response":{"code":15,"msg":"Remote service error","sub_code":"50001","sub_msg":"无结果","request_id":"15rlirb1hc2wp"}}
2022-10-31 23:29:01	{"error_response":{"code":15,"msg":"Remote service error","sub_code":"isp.entry-sys-error","sub_msg":"内部服务出错","request_id":"15rwoz3d1qlk2"}}
2022-10-31 23:37:50	{"error_response":{"code":15,"msg":"Remote service error","sub_code":"50001","sub_msg":"无结果","request_id":"15s08t7965zm6"}}
2022-10-31 23:38:34	{"error_response":{"code":15,"msg":"Remote service error","sub_code":"50001","sub_msg":"无结果","request_id":"15s64tye2w9wq"}}
2022-10-31 23:53:54	{"error_response":{"code":15,"msg":"Remote service error","sub_code":"50001","sub_msg":"无结果","request_id":"16ls7qjnbokw4"}}
2022-10-31 23:57:06	{"error_response":{"code":15,"msg":"Remote service error","sub_code":"50001","sub_msg":"无结果","request_id":"16ma89sk9f40a"}}
2022-10-31 23:57:07	{"error_response":{"code":15,"msg":"Remote service error","sub_code":"50001","sub_msg":"无结果","request_id":"16lzx8h3zoq17"}}
